Content-type: text/html

update-prices started: April 5 2011 04:50:11 PM
  Updating avedx... finished: 04:50:12 PM
  Updating avefx... finished: 04:50:13 PM
  Updating avegx... finished: 04:50:14 PM
  Updating avemx... finished: 04:50:15 PM
  Updating avemx... finished: 04:50:15 PM
  Updating avesx... finished: 04:50:15 PM
  Updating avewx... finished: 04:50:16 PM
Content-type: text/html

update-prices started: April 5 2011 05:00:17 PM
  Updating avedx... finished: 05:00:17 PM
  Updating avefx... finished: 05:00:17 PM
  Updating avegx... finished: 05:00:17 PM
  Updating avemx... finished: 05:00:17 PM
  Updating avemx... finished: 05:00:17 PM
  Updating avesx... finished: 05:00:17 PM
  Updating avewx... finished: 05:00:17 PM
Content-type: text/html

update-prices started: April 5 2011 06:00:05 PM
  Updating avedx... finished: 06:00:05 PM
  Updating avefx... finished: 06:00:05 PM
  Updating avegx... finished: 06:00:05 PM
  Updating avemx... finished: 06:00:05 PM
  Updating avemx... finished: 06:00:05 PM
  Updating avesx... finished: 06:00:05 PM
  Updating avewx... finished: 06:00:05 PM
Content-type: text/html

update-prices started: April 5 2011 07:00:19 PM
  Updating avedx... finished: 07:00:19 PM
  Updating avefx... finished: 07:00:19 PM
  Updating avegx... finished: 07:00:19 PM
  Updating avemx... finished: 07:00:19 PM
  Updating avemx... finished: 07:00:19 PM
  Updating avesx... finished: 07:00:19 PM
  Updating avewx... finished: 07:00:19 PM
Content-type: text/html

update-prices started: April 5 2011 08:00:05 PM
  Updating avedx... finished: 08:00:05 PM
  Updating avefx... finished: 08:00:05 PM
  Updating avegx... finished: 08:00:05 PM
  Updating avemx... finished: 08:00:05 PM
  Updating avemx... finished: 08:00:05 PM
  Updating avesx... finished: 08:00:05 PM
  Updating avewx... finished: 08:00:05 PM
Content-type: text/html

update-prices started: April 5 2011 09:00:10 PM
  Updating avedx... finished: 09:00:10 PM
  Updating avefx... finished: 09:00:10 PM
  Updating avegx... finished: 09:00:10 PM
  Updating avemx... finished: 09:00:10 PM
  Updating avemx... finished: 09:00:10 PM
  Updating avesx... finished: 09:00:10 PM
  Updating avewx... finished: 09:00:10 PM
Content-type: text/html

update-prices started: April 5 2011 10:00:07 PM
  Updating avedx... finished: 10:00:07 PM
  Updating avefx... finished: 10:00:07 PM
  Updating avegx... finished: 10:00:07 PM
  Updating avemx... finished: 10:00:07 PM
  Updating avemx... finished: 10:00:07 PM
  Updating avesx... finished: 10:00:07 PM
  Updating avewx... finished: 10:00:08 PM
Content-type: text/html

update-prices started: April 5 2011 11:00:04 PM
  Updating avedx... finished: 11:00:05 PM
  Updating avefx... finished: 11:00:05 PM
  Updating avegx... finished: 11:00:06 PM
  Updating avemx... finished: 11:00:06 PM
  Updating avemx... finished: 11:00:06 PM
  Updating avesx... finished: 11:00:07 PM
  Updating avewx... finished: 11:00:08 PM
Content-type: text/html

update-prices started: April 6 2011 12:00:09 AM
  Updating avedx... finished: 12:00:10 AM
  Updating avefx... finished: 12:00:10 AM
  Updating avegx... finished: 12:00:10 AM
  Updating avemx... finished: 12:00:11 AM
  Updating avemx... finished: 12:00:11 AM
  Updating avesx... finished: 12:00:11 AM
  Updating avewx... finished: 12:00:12 AM
Content-type: text/html

update-prices started: April 6 2011 01:00:02 AM
  Updating avedx... finished: 01:00:02 AM
  Updating avefx... finished: 01:00:03 AM
  Updating avegx... finished: 01:00:03 AM
  Updating avemx... finished: 01:00:03 AM
  Updating avemx... finished: 01:00:03 AM
  Updating avesx... finished: 01:00:03 AM
  Updating avewx... finished: 01:00:03 AM
Content-type: text/html

update-prices started: April 6 2011 02:00:05 AM
  Updating avedx... finished: 02:00:06 AM
  Updating avefx... finished: 02:00:06 AM
  Updating avegx... finished: 02:00:06 AM
  Updating avemx... finished: 02:00:06 AM
  Updating avemx... finished: 02:00:06 AM
  Updating avesx... finished: 02:00:06 AM
  Updating avewx... finished: 02:00:06 AM
Content-type: text/html

update-prices started: April 6 2011 03:00:03 AM
  Updating avedx... finished: 03:00:03 AM
  Updating avefx... finished: 03:00:03 AM
  Updating avegx... finished: 03:00:03 AM
  Updating avemx... finished: 03:00:03 AM
  Updating avemx... finished: 03:00:03 AM
  Updating avesx... finished: 03:00:03 AM
  Updating avewx... finished: 03:00:03 AM
Content-type: text/html

update-prices started: April 6 2011 04:00:04 AM
  Updating avedx... finished: 04:00:04 AM
  Updating avefx... finished: 04:00:04 AM
  Updating avegx... finished: 04:00:04 AM
  Updating avemx... finished: 04:00:04 AM
  Updating avemx... finished: 04:00:04 AM
  Updating avesx... finished: 04:00:04 AM
  Updating avewx... finished: 04:00:04 AM
Content-type: text/html

update-prices started: April 6 2011 05:00:03 AM
  Updating avedx... finished: 05:00:03 AM
  Updating avefx... finished: 05:00:03 AM
  Updating avegx... finished: 05:00:03 AM
  Updating avemx... finished: 05:00:03 AM
  Updating avemx... finished: 05:00:03 AM
  Updating avesx... finished: 05:00:03 AM
  Updating avewx... finished: 05:00:03 AM
Content-type: text/html

update-prices started: April 6 2011 06:00:03 AM
  Updating avedx... finished: 06:00:04 AM
  Updating avefx... finished: 06:00:05 AM
  Updating avegx... finished: 06:00:05 AM
  Updating avemx... finished: 06:00:06 AM
  Updating avemx... finished: 06:00:06 AM
  Updating avesx... finished: 06:00:07 AM
  Updating avewx... finished: 06:00:07 AM
Content-type: text/html

update-prices started: April 6 2011 07:00:06 AM
  Updating avedx... finished: 07:00:08 AM
  Updating avefx... finished: 07:00:10 AM
  Updating avegx... finished: 07:00:11 AM
  Updating avemx... finished: 07:00:12 AM
  Updating avemx... finished: 07:00:14 AM
  Updating avesx... finished: 07:00:15 AM
  Updating avewx... finished: 07:00:15 AM
Content-type: text/html

update-prices started: April 6 2011 08:00:05 AM
  Updating avedx... finished: 08:00:05 AM
  Updating avefx... finished: 08:00:05 AM
  Updating avegx... finished: 08:00:05 AM
  Updating avemx... finished: 08:00:06 AM
  Updating avemx... finished: 08:00:06 AM
  Updating avesx... finished: 08:00:06 AM
  Updating avewx... finished: 08:00:06 AM
Content-type: text/html

update-prices started: April 6 2011 09:00:03 AM
  Updating avedx... finished: 09:00:03 AM
  Updating avefx... finished: 09:00:03 AM
  Updating avegx... finished: 09:00:03 AM
  Updating avemx... finished: 09:00:04 AM
  Updating avemx... finished: 09:00:04 AM
  Updating avesx... finished: 09:00:04 AM
  Updating avewx... finished: 09:00:04 AM
Content-type: text/html

update-prices started: April 6 2011 10:00:05 AM
  Updating avedx... finished: 10:00:05 AM
  Updating avefx... finished: 10:00:05 AM
  Updating avegx... finished: 10:00:05 AM
  Updating avemx... finished: 10:00:06 AM
  Updating avemx... finished: 10:00:06 AM
  Updating avesx... finished: 10:00:06 AM
  Updating avewx... finished: 10:00:06 AM
Content-type: text/html

update-prices started: April 6 2011 11:00:14 AM
  Updating avedx... finished: 11:00:14 AM
  Updating avefx... finished: 11:00:15 AM
  Updating avegx... finished: 11:00:15 AM
  Updating avemx... finished: 11:00:15 AM
  Updating avemx... finished: 11:00:15 AM
  Updating avesx... finished: 11:00:15 AM
  Updating avewx... finished: 11:00:15 AM
Content-type: text/html

update-prices started: April 6 2011 12:00:12 PM
  Updating avedx... finished: 12:00:14 PM
  Updating avefx... finished: 12:00:16 PM
  Updating avegx... finished: 12:00:17 PM
  Updating avemx... <br />
<b>Warning</b>:  fopen(http://finance.yahoo.com/d/quotes.csv?s=avemx&amp;f=l1c1p2d1) [<a href='function.fopen'>function.fopen</a>]: failed to open stream: HTTP request failed!  in <b>/home/content/s/i/c/sici00/html/includes/library.php</b> on line <b>290</b><br />
finished: 12:00:17 PM
  Updating avemx... finished: 12:00:20 PM
  Updating avesx... finished: 12:00:22 PM
  Updating avewx... finished: 12:00:23 PM
Content-type: text/html

update-prices started: April 6 2011 01:00:10 PM
  Updating avedx... finished: 01:00:10 PM
  Updating avefx... finished: 01:00:10 PM
  Updating avegx... finished: 01:00:10 PM
  Updating avemx... finished: 01:00:10 PM
  Updating avemx... finished: 01:00:10 PM
  Updating avesx... finished: 01:00:10 PM
  Updating avewx... finished: 01:00:10 PM
Content-type: text/html

update-prices started: April 6 2011 02:00:12 PM
  Updating avedx... finished: 02:00:12 PM
  Updating avefx... finished: 02:00:12 PM
  Updating avegx... finished: 02:00:12 PM
  Updating avemx... finished: 02:00:12 PM
  Updating avemx... finished: 02:00:12 PM
  Updating avesx... finished: 02:00:12 PM
  Updating avewx... finished: 02:00:12 PM
Content-type: text/html

update-prices started: April 6 2011 03:00:11 PM
  Updating avedx... finished: 03:00:11 PM
  Updating avefx... finished: 03:00:11 PM
  Updating avegx... finished: 03:00:11 PM
  Updating avemx... finished: 03:00:11 PM
  Updating avemx... finished: 03:00:11 PM
  Updating avesx... finished: 03:00:12 PM
  Updating avewx... finished: 03:00:12 PM
Content-type: text/html

update-prices started: April 6 2011 04:00:08 PM
  Updating avedx... finished: 04:00:08 PM
  Updating avefx... finished: 04:00:08 PM
  Updating avegx... finished: 04:00:08 PM
  Updating avemx... finished: 04:00:09 PM
  Updating avemx... finished: 04:00:09 PM
  Updating avesx... finished: 04:00:09 PM
  Updating avewx... finished: 04:00:09 PM
Content-type: text/html

update-prices started: April 6 2011 05:00:03 PM
  Updating avedx... finished: 05:00:04 PM
  Updating avefx... finished: 05:00:04 PM
  Updating avegx... finished: 05:00:04 PM
  Updating avemx... finished: 05:00:04 PM
  Updating avemx... finished: 05:00:04 PM
  Updating avesx... finished: 05:00:04 PM
  Updating avewx... finished: 05:00:04 PM
Content-type: text/html

update-prices started: April 6 2011 06:00:04 PM
  Updating avedx... finished: 06:00:04 PM
  Updating avefx... finished: 06:00:05 PM
  Updating avegx... finished: 06:00:05 PM
  Updating avemx... finished: 06:00:05 PM
  Updating avemx... finished: 06:00:05 PM
  Updating avesx... finished: 06:00:05 PM
  Updating avewx... finished: 06:00:05 PM
Content-type: text/html

update-prices started: April 6 2011 07:00:04 PM
  Updating avedx... <!-- DEBUG> Google's price [13.69] doesn't match Yahoo!'s price [13.68]. Taking no action. -->finished: 07:00:05 PM
  Updating avefx... finished: 07:00:06 PM
  Updating avegx... finished: 07:00:07 PM
  Updating avemx... finished: 07:00:08 PM
  Updating avemx... finished: 07:00:08 PM
  Updating avesx... finished: 07:00:09 PM
  Updating avewx... finished: 07:00:10 PM
Content-type: text/html

update-prices started: April 6 2011 08:00:04 PM
  Updating avedx... finished: 08:00:05 PM
  Updating avefx... finished: 08:00:05 PM
  Updating avegx... finished: 08:00:05 PM
  Updating avemx... finished: 08:00:05 PM
  Updating avemx... finished: 08:00:05 PM
  Updating avesx... finished: 08:00:05 PM
  Updating avewx... finished: 08:00:05 PM
Content-type: text/html

update-prices started: April 6 2011 09:00:06 PM
  Updating avedx... finished: 09:00:06 PM
  Updating avefx... finished: 09:00:06 PM
  Updating avegx... finished: 09:00:06 PM
  Updating avemx... finished: 09:00:06 PM
  Updating avemx... finished: 09:00:06 PM
  Updating avesx... finished: 09:00:06 PM
  Updating avewx... finished: 09:00:06 PM
Content-type: text/html

update-prices started: April 6 2011 10:00:06 PM
  Updating avedx... finished: 10:00:06 PM
  Updating avefx... finished: 10:00:06 PM
  Updating avegx... finished: 10:00:06 PM
  Updating avemx... finished: 10:00:07 PM
  Updating avemx... finished: 10:00:07 PM
  Updating avesx... finished: 10:00:07 PM
  Updating avewx... finished: 10:00:07 PM
Content-type: text/html

update-prices started: April 6 2011 11:00:02 PM
  Updating avedx... finished: 11:00:02 PM
  Updating avefx... finished: 11:00:02 PM
  Updating avegx... finished: 11:00:02 PM
  Updating avemx... finished: 11:00:02 PM
  Updating avemx... finished: 11:00:02 PM
  Updating avesx... finished: 11:00:02 PM
  Updating avewx... finished: 11:00:02 PM
Content-type: text/html

update-prices started: April 7 2011 12:00:10 AM
  Updating avedx... finished: 12:00:10 AM
  Updating avefx... finished: 12:00:10 AM
  Updating avegx... finished: 12:00:10 AM
  Updating avemx... finished: 12:00:10 AM
  Updating avemx... finished: 12:00:10 AM
  Updating avesx... finished: 12:00:10 AM
  Updating avewx... finished: 12:00:10 AM
Content-type: text/html

update-prices started: April 7 2011 01:00:03 AM
  Updating avedx... finished: 01:00:03 AM
  Updating avefx... finished: 01:00:03 AM
  Updating avegx... finished: 01:00:03 AM
  Updating avemx... finished: 01:00:03 AM
  Updating avemx... finished: 01:00:03 AM
  Updating avesx... finished: 01:00:03 AM
  Updating avewx... finished: 01:00:03 AM
Content-type: text/html

update-prices started: April 7 2011 02:00:04 AM
  Updating avedx... <!-- DEBUG> Google's price [13.69] doesn't match Yahoo!'s price [13.68]. Taking no action. -->finished: 02:00:05 AM
  Updating avefx... finished: 02:00:06 AM
  Updating avegx... finished: 02:00:07 AM
  Updating avemx... finished: 02:00:08 AM
  Updating avemx... finished: 02:00:08 AM
  Updating avesx... finished: 02:00:08 AM
  Updating avewx... finished: 02:00:09 AM
Content-type: text/html

update-prices started: April 7 2011 03:00:07 AM
  Updating avedx... finished: 03:00:07 AM
  Updating avefx... finished: 03:00:08 AM
  Updating avegx... finished: 03:00:08 AM
  Updating avemx... finished: 03:00:08 AM
  Updating avemx... finished: 03:00:08 AM
  Updating avesx... finished: 03:00:08 AM
  Updating avewx... finished: 03:00:08 AM
Content-type: text/html

update-prices started: April 7 2011 04:00:05 AM
  Updating avedx... finished: 04:00:05 AM
  Updating avefx... finished: 04:00:05 AM
  Updating avegx... finished: 04:00:05 AM
  Updating avemx... finished: 04:00:05 AM
  Updating avemx... finished: 04:00:05 AM
  Updating avesx... finished: 04:00:05 AM
  Updating avewx... finished: 04:00:05 AM
Content-type: text/html

update-prices started: April 7 2011 05:00:03 AM
  Updating avedx... finished: 05:00:03 AM
  Updating avefx... finished: 05:00:03 AM
  Updating avegx... finished: 05:00:03 AM
  Updating avemx... finished: 05:00:03 AM
  Updating avemx... finished: 05:00:03 AM
  Updating avesx... finished: 05:00:04 AM
  Updating avewx... finished: 05:00:04 AM
Content-type: text/html

update-prices started: April 7 2011 06:00:03 AM
  Updating avedx... finished: 06:00:04 AM
  Updating avefx... finished: 06:00:05 AM
  Updating avegx... finished: 06:00:06 AM
  Updating avemx... finished: 06:00:07 AM
  Updating avemx... finished: 06:00:07 AM
  Updating avesx... finished: 06:00:08 AM
  Updating avewx... finished: 06:00:08 AM
Content-type: text/html

update-prices started: April 7 2011 07:00:05 AM
  Updating avedx... finished: 07:00:05 AM
  Updating avefx... finished: 07:00:05 AM
  Updating avegx... finished: 07:00:05 AM
  Updating avemx... finished: 07:00:05 AM
  Updating avemx... finished: 07:00:05 AM
  Updating avesx... finished: 07:00:05 AM
  Updating avewx... finished: 07:00:05 AM
Content-type: text/html

update-prices started: April 7 2011 08:00:06 AM
  Updating avedx... finished: 08:00:06 AM
  Updating avefx... finished: 08:00:09 AM
  Updating avegx... finished: 08:00:11 AM
  Updating avemx... finished: 08:00:13 AM
  Updating avemx... finished: 08:00:13 AM
  Updating avesx... finished: 08:00:14 AM
  Updating avewx... finished: 08:00:16 AM
Content-type: text/html

update-prices started: April 7 2011 09:00:04 AM
  Updating avedx... finished: 09:00:04 AM
  Updating avefx... finished: 09:00:04 AM
  Updating avegx... finished: 09:00:04 AM
  Updating avemx... finished: 09:00:04 AM
  Updating avemx... finished: 09:00:04 AM
  Updating avesx... finished: 09:00:04 AM
  Updating avewx... finished: 09:00:04 AM
Content-type: text/html

update-prices started: April 7 2011 10:00:04 AM
  Updating avedx... finished: 10:00:07 AM
  Updating avefx... finished: 10:00:07 AM
  Updating avegx... finished: 10:00:08 AM
  Updating avemx... finished: 10:00:08 AM
  Updating avemx... finished: 10:00:08 AM
  Updating avesx... finished: 10:00:09 AM
  Updating avewx... finished: 10:00:09 AM
Content-type: text/html

update-prices started: April 7 2011 11:00:03 AM
  Updating avedx... finished: 11:00:03 AM
  Updating avefx... finished: 11:00:03 AM
  Updating avegx... finished: 11:00:03 AM
  Updating avemx... finished: 11:00:03 AM
  Updating avemx... finished: 11:00:03 AM
  Updating avesx... finished: 11:00:04 AM
  Updating avewx... finished: 11:00:04 AM
Content-type: text/html

update-prices started: April 7 2011 12:00:07 PM
  Updating avedx... finished: 12:00:07 PM
  Updating avefx... finished: 12:00:07 PM
  Updating avegx... finished: 12:00:07 PM
  Updating avemx... finished: 12:00:07 PM
  Updating avemx... finished: 12:00:07 PM
  Updating avesx... finished: 12:00:07 PM
  Updating avewx... finished: 12:00:07 PM
Content-type: text/html

update-prices started: April 7 2011 01:00:03 PM
  Updating avedx... finished: 01:00:04 PM
  Updating avefx... finished: 01:00:04 PM
  Updating avegx... finished: 01:00:04 PM
  Updating avemx... finished: 01:00:04 PM
  Updating avemx... finished: 01:00:04 PM
  Updating avesx... finished: 01:00:04 PM
  Updating avewx... finished: 01:00:04 PM
Content-type: text/html

update-prices started: April 7 2011 02:00:20 PM
  Updating avedx... finished: 02:00:20 PM
  Updating avefx... finished: 02:00:21 PM
  Updating avegx... finished: 02:00:22 PM
  Updating avemx... finished: 02:00:23 PM
  Updating avemx... finished: 02:00:23 PM
  Updating avesx... finished: 02:00:24 PM
  Updating avewx... finished: 02:00:25 PM
Content-type: text/html

update-prices started: April 7 2011 03:00:05 PM
  Updating avedx... finished: 03:00:05 PM
  Updating avefx... finished: 03:00:05 PM
  Updating avegx... finished: 03:00:05 PM
  Updating avemx... finished: 03:00:05 PM
  Updating avemx... finished: 03:00:05 PM
  Updating avesx... finished: 03:00:05 PM
  Updating avewx... finished: 03:00:05 PM
Content-type: text/html

update-prices started: April 7 2011 04:00:03 PM
  Updating avedx... finished: 04:00:03 PM
  Updating avefx... finished: 04:00:03 PM
  Updating avegx... finished: 04:00:03 PM
  Updating avemx... finished: 04:00:03 PM
  Updating avemx... finished: 04:00:03 PM
  Updating avesx... finished: 04:00:03 PM
  Updating avewx... finished: 04:00:03 PM
Content-type: text/html

update-prices started: April 7 2011 05:00:09 PM
  Updating avedx... finished: 05:00:10 PM
  Updating avefx... finished: 05:00:10 PM
  Updating avegx... finished: 05:00:10 PM
  Updating avemx... finished: 05:00:10 PM
  Updating avemx... finished: 05:00:10 PM
  Updating avesx... finished: 05:00:10 PM
  Updating avewx... finished: 05:00:10 PM
Content-type: text/html

update-prices started: April 7 2011 06:00:04 PM
  Updating avedx... finished: 06:00:04 PM
  Updating avefx... finished: 06:00:04 PM
  Updating avegx... finished: 06:00:04 PM
  Updating avemx... finished: 06:00:04 PM
  Updating avemx... finished: 06:00:04 PM
  Updating avesx... finished: 06:00:04 PM
  Updating avewx... finished: 06:00:04 PM
Content-type: text/html

update-prices started: April 7 2011 07:00:05 PM
  Updating avedx... finished: 07:00:05 PM
  Updating avefx... finished: 07:00:05 PM
  Updating avegx... finished: 07:00:05 PM
  Updating avemx... finished: 07:00:05 PM
  Updating avemx... finished: 07:00:05 PM
  Updating avesx... finished: 07:00:05 PM
  Updating avewx... finished: 07:00:05 PM
Content-type: text/html

update-prices started: April 7 2011 08:00:01 PM
  Updating avedx... finished: 08:00:01 PM
  Updating avefx... finished: 08:00:01 PM
  Updating avegx... finished: 08:00:02 PM
  Updating avemx... finished: 08:00:02 PM
  Updating avemx... finished: 08:00:02 PM
  Updating avesx... finished: 08:00:02 PM
  Updating avewx... finished: 08:00:02 PM
Content-type: text/html

update-prices started: April 7 2011 09:00:04 PM
  Updating avedx... finished: 09:00:04 PM
  Updating avefx... finished: 09:00:04 PM
  Updating avegx... finished: 09:00:05 PM
  Updating avemx... finished: 09:00:06 PM
  Updating avemx... finished: 09:00:06 PM
  Updating avesx... finished: 09:00:07 PM
  Updating avewx... finished: 09:00:09 PM
Content-type: text/html

update-prices started: April 7 2011 10:00:05 PM
  Updating avedx... finished: 10:00:05 PM
  Updating avefx... finished: 10:00:05 PM
  Updating avegx... finished: 10:00:05 PM
  Updating avemx... finished: 10:00:05 PM
  Updating avemx... finished: 10:00:05 PM
  Updating avesx... finished: 10:00:05 PM
  Updating avewx... finished: 10:00:05 PM
Content-type: text/html

update-prices started: April 7 2011 11:00:08 PM
  Updating avedx... finished: 11:00:08 PM
  Updating avefx... finished: 11:00:08 PM
  Updating avegx... finished: 11:00:08 PM
  Updating avemx... finished: 11:00:08 PM
  Updating avemx... finished: 11:00:08 PM
  Updating avesx... finished: 11:00:08 PM
  Updating avewx... finished: 11:00:08 PM
Content-type: text/html

update-prices started: April 8 2011 12:00:10 AM
  Updating avedx... finished: 12:00:14 AM
  Updating avefx... finished: 12:00:14 AM
  Updating avegx... finished: 12:00:14 AM
  Updating avemx... finished: 12:00:15 AM
  Updating avemx... finished: 12:00:15 AM
  Updating avesx... finished: 12:00:15 AM
  Updating avewx... finished: 12:00:15 AM
Content-type: text/html

update-prices started: April 8 2011 01:00:04 AM
  Updating avedx... finished: 01:00:04 AM
  Updating avefx... finished: 01:00:04 AM
  Updating avegx... finished: 01:00:04 AM
  Updating avemx... finished: 01:00:04 AM
  Updating avemx... finished: 01:00:04 AM
  Updating avesx... finished: 01:00:04 AM
  Updating avewx... finished: 01:00:04 AM
Content-type: text/html

update-prices started: April 8 2011 02:00:04 AM
  Updating avedx... finished: 02:00:04 AM
  Updating avefx... finished: 02:00:04 AM
  Updating avegx... finished: 02:00:04 AM
  Updating avemx... finished: 02:00:04 AM
  Updating avemx... finished: 02:00:04 AM
  Updating avesx... finished: 02:00:04 AM
  Updating avewx... finished: 02:00:04 AM
Content-type: text/html

update-prices started: April 8 2011 03:00:10 AM
  Updating avedx... finished: 03:00:10 AM
  Updating avefx... finished: 03:00:11 AM
  Updating avegx... finished: 03:00:11 AM
  Updating avemx... finished: 03:00:12 AM
  Updating avemx... finished: 03:00:13 AM
  Updating avesx... finished: 03:00:14 AM
  Updating avewx... finished: 03:00:14 AM
Content-type: text/html

update-prices started: April 8 2011 04:00:03 AM
  Updating avedx... finished: 04:00:03 AM
  Updating avefx... finished: 04:00:03 AM
  Updating avegx... finished: 04:00:03 AM
  Updating avemx... finished: 04:00:03 AM
  Updating avemx... finished: 04:00:03 AM
  Updating avesx... finished: 04:00:03 AM
  Updating avewx... finished: 04:00:03 AM
Content-type: text/html

update-prices started: April 8 2011 05:00:01 AM
  Updating avedx... finished: 05:00:01 AM
  Updating avefx... finished: 05:00:01 AM
  Updating avegx... finished: 05:00:02 AM
  Updating avemx... finished: 05:00:02 AM
  Updating avemx... finished: 05:00:02 AM
  Updating avesx... finished: 05:00:02 AM
  Updating avewx... finished: 05:00:03 AM
Content-type: text/html

update-prices started: April 8 2011 06:00:04 AM
  Updating avedx... finished: 06:00:04 AM
  Updating avefx... finished: 06:00:04 AM
  Updating avegx... finished: 06:00:04 AM
  Updating avemx... finished: 06:00:04 AM
  Updating avemx... finished: 06:00:04 AM
  Updating avesx... finished: 06:00:04 AM
  Updating avewx... finished: 06:00:04 AM
Content-type: text/html

update-prices started: April 8 2011 07:00:04 AM
  Updating avedx... finished: 07:00:05 AM
  Updating avefx... finished: 07:00:05 AM
  Updating avegx... finished: 07:00:05 AM
  Updating avemx... finished: 07:00:05 AM
  Updating avemx... finished: 07:00:05 AM
  Updating avesx... finished: 07:00:05 AM
  Updating avewx... finished: 07:00:05 AM
Content-type: text/html

update-prices started: April 8 2011 08:00:03 AM
  Updating avedx... finished: 08:00:03 AM
  Updating avefx... finished: 08:00:03 AM
  Updating avegx... finished: 08:00:03 AM
  Updating avemx... finished: 08:00:03 AM
  Updating avemx... finished: 08:00:03 AM
  Updating avesx... finished: 08:00:03 AM
  Updating avewx... finished: 08:00:03 AM
Content-type: text/html

update-prices started: April 8 2011 09:00:04 AM
  Updating avedx... finished: 09:00:04 AM
  Updating avefx... finished: 09:00:04 AM
  Updating avegx... finished: 09:00:04 AM
  Updating avemx... finished: 09:00:04 AM
  Updating avemx... finished: 09:00:04 AM
  Updating avesx... finished: 09:00:04 AM
  Updating avewx... finished: 09:00:04 AM
Content-type: text/html

update-prices started: April 8 2011 10:00:03 AM
  Updating avedx... finished: 10:00:03 AM
  Updating avefx... finished: 10:00:04 AM
  Updating avegx... finished: 10:00:07 AM
  Updating avemx... finished: 10:00:09 AM
  Updating avemx... finished: 10:00:09 AM
  Updating avesx... finished: 10:00:11 AM
  Updating avewx... finished: 10:00:14 AM
Content-type: text/html

update-prices started: April 8 2011 11:00:05 AM
  Updating avedx... finished: 11:00:05 AM
  Updating avefx... finished: 11:00:05 AM
  Updating avegx... finished: 11:00:05 AM
  Updating avemx... finished: 11:00:05 AM
  Updating avemx... finished: 11:00:05 AM
  Updating avesx... finished: 11:00:05 AM
  Updating avewx... finished: 11:00:05 AM
Content-type: text/html

update-prices started: April 8 2011 12:00:05 PM
  Updating avedx... finished: 12:00:05 PM
  Updating avefx... finished: 12:00:05 PM
  Updating avegx... finished: 12:00:05 PM
  Updating avemx... finished: 12:00:05 PM
  Updating avemx... finished: 12:00:05 PM
  Updating avesx... finished: 12:00:05 PM
  Updating avewx... finished: 12:00:05 PM
Content-type: text/html

update-prices started: April 8 2011 01:00:06 PM
  Updating avedx... finished: 01:00:07 PM
  Updating avefx... finished: 01:00:07 PM
  Updating avegx... finished: 01:00:07 PM
  Updating avemx... finished: 01:00:07 PM
  Updating avemx... finished: 01:00:07 PM
  Updating avesx... finished: 01:00:07 PM
  Updating avewx... finished: 01:00:07 PM
Content-type: text/html

update-prices started: April 8 2011 02:00:05 PM
  Updating avedx... finished: 02:00:05 PM
  Updating avefx... finished: 02:00:05 PM
  Updating avegx... finished: 02:00:05 PM
  Updating avemx... finished: 02:00:05 PM
  Updating avemx... finished: 02:00:05 PM
  Updating avesx... finished: 02:00:05 PM
  Updating avewx... finished: 02:00:05 PM
Content-type: text/html

update-prices started: April 8 2011 03:00:02 PM
  Updating avedx... finished: 03:00:02 PM
  Updating avefx... finished: 03:00:02 PM
  Updating avegx... finished: 03:00:02 PM
  Updating avemx... finished: 03:00:02 PM
  Updating avemx... finished: 03:00:02 PM
  Updating avesx... finished: 03:00:02 PM
  Updating avewx... finished: 03:00:02 PM
Content-type: text/html

update-prices started: April 8 2011 04:00:04 PM
  Updating avedx... finished: 04:00:04 PM
  Updating avefx... finished: 04:00:05 PM
  Updating avegx... finished: 04:00:06 PM
  Updating avemx... finished: 04:00:06 PM
  Updating avemx... finished: 04:00:06 PM
  Updating avesx... finished: 04:00:06 PM
  Updating avewx... finished: 04:00:06 PM
Content-type: text/html

update-prices started: April 8 2011 05:00:04 PM
  Updating avedx... finished: 05:00:04 PM
  Updating avefx... finished: 05:00:04 PM
  Updating avegx... finished: 05:00:04 PM
  Updating avemx... finished: 05:00:04 PM
  Updating avemx... finished: 05:00:04 PM
  Updating avesx... finished: 05:00:05 PM
  Updating avewx... finished: 05:00:05 PM
Content-type: text/html

update-prices started: April 8 2011 06:00:01 PM
  Updating avedx... finished: 06:00:02 PM
  Updating avefx... finished: 06:00:02 PM
  Updating avegx... finished: 06:00:03 PM
  Updating avemx... finished: 06:00:03 PM
  Updating avemx... finished: 06:00:03 PM
  Updating avesx... finished: 06:00:04 PM
  Updating avewx... finished: 06:00:04 PM
Content-type: text/html

update-prices started: April 8 2011 07:00:04 PM
  Updating avedx... finished: 07:00:04 PM
  Updating avefx... finished: 07:00:04 PM
  Updating avegx... finished: 07:00:04 PM
  Updating avemx... finished: 07:00:04 PM
  Updating avemx... finished: 07:00:04 PM
  Updating avesx... finished: 07:00:04 PM
  Updating avewx... finished: 07:00:04 PM
Content-type: text/html

update-prices started: April 8 2011 08:00:04 PM
  Updating avedx... finished: 08:00:05 PM
  Updating avefx... finished: 08:00:05 PM
  Updating avegx... finished: 08:00:05 PM
  Updating avemx... finished: 08:00:05 PM
  Updating avemx... finished: 08:00:05 PM
  Updating avesx... finished: 08:00:05 PM
  Updating avewx... finished: 08:00:05 PM
Content-type: text/html

update-prices started: April 8 2011 09:00:03 PM
  Updating avedx... finished: 09:00:03 PM
  Updating avefx... finished: 09:00:03 PM
  Updating avegx... finished: 09:00:03 PM
  Updating avemx... finished: 09:00:03 PM
  Updating avemx... finished: 09:00:03 PM
  Updating avesx... finished: 09:00:03 PM
  Updating avewx... finished: 09:00:03 PM
Content-type: text/html

update-prices started: April 8 2011 10:00:03 PM
  Updating avedx... finished: 10:00:03 PM
  Updating avefx... finished: 10:00:03 PM
  Updating avegx... finished: 10:00:03 PM
  Updating avemx... finished: 10:00:03 PM
  Updating avemx... finished: 10:00:03 PM
  Updating avesx... finished: 10:00:03 PM
  Updating avewx... finished: 10:00:03 PM
Content-type: text/html

update-prices started: April 8 2011 11:00:05 PM
  Updating avedx... finished: 11:00:05 PM
  Updating avefx... finished: 11:00:05 PM
  Updating avegx... finished: 11:00:06 PM
  Updating avemx... finished: 11:00:06 PM
  Updating avemx... finished: 11:00:06 PM
  Updating avesx... finished: 11:00:07 PM
  Updating avewx... finished: 11:00:07 PM
Content-type: text/html

update-prices started: April 9 2011 12:00:09 AM
  Updating avedx... finished: 12:00:09 AM
  Updating avefx... finished: 12:00:09 AM
  Updating avegx... finished: 12:00:09 AM
  Updating avemx... finished: 12:00:09 AM
  Updating avemx... finished: 12:00:09 AM
  Updating avesx... finished: 12:00:09 AM
  Updating avewx... finished: 12:00:09 AM
Content-type: text/html

update-prices started: April 9 2011 01:00:03 AM
  Updating avedx... finished: 01:00:03 AM
  Updating avefx... finished: 01:00:03 AM
  Updating avegx... finished: 01:00:04 AM
  Updating avemx... finished: 01:00:04 AM
  Updating avemx... finished: 01:00:04 AM
  Updating avesx... finished: 01:00:04 AM
  Updating avewx... finished: 01:00:04 AM
Content-type: text/html

update-prices started: April 9 2011 02:00:03 AM
  Updating avedx... finished: 02:00:03 AM
  Updating avefx... finished: 02:00:03 AM
  Updating avegx... finished: 02:00:03 AM
  Updating avemx... finished: 02:00:03 AM
  Updating avemx... finished: 02:00:03 AM
  Updating avesx... finished: 02:00:03 AM
  Updating avewx... finished: 02:00:03 AM
Content-type: text/html

update-prices started: April 9 2011 03:00:03 AM
  Updating avedx... finished: 03:00:04 AM
  Updating avefx... finished: 03:00:04 AM
  Updating avegx... finished: 03:00:04 AM
  Updating avemx... finished: 03:00:04 AM
  Updating avemx... finished: 03:00:04 AM
  Updating avesx... finished: 03:00:04 AM
  Updating avewx... finished: 03:00:04 AM
Content-type: text/html

update-prices started: April 9 2011 04:00:04 AM
  Updating avedx... finished: 04:00:04 AM
  Updating avefx... finished: 04:00:04 AM
  Updating avegx... finished: 04:00:04 AM
  Updating avemx... finished: 04:00:04 AM
  Updating avemx... finished: 04:00:04 AM
  Updating avesx... finished: 04:00:04 AM
  Updating avewx... finished: 04:00:04 AM
Content-type: text/html

update-prices started: April 9 2011 05:00:03 AM
  Updating avedx... finished: 05:00:04 AM
  Updating avefx... finished: 05:00:04 AM
  Updating avegx... finished: 05:00:04 AM
  Updating avemx... finished: 05:00:04 AM
  Updating avemx... finished: 05:00:04 AM
  Updating avesx... finished: 05:00:04 AM
  Updating avewx... finished: 05:00:04 AM
Content-type: text/html

update-prices started: April 9 2011 06:00:05 AM
  Updating avedx... finished: 06:00:05 AM
  Updating avefx... finished: 06:00:05 AM
  Updating avegx... finished: 06:00:06 AM
  Updating avemx... finished: 06:00:06 AM
  Updating avemx... finished: 06:00:06 AM
  Updating avesx... finished: 06:00:07 AM
  Updating avewx... finished: 06:00:07 AM
Content-type: text/html

update-prices started: April 9 2011 07:00:04 AM
  Updating avedx... finished: 07:00:04 AM
  Updating avefx... finished: 07:00:04 AM
  Updating avegx... finished: 07:00:05 AM
  Updating avemx... finished: 07:00:05 AM
  Updating avemx... finished: 07:00:05 AM
  Updating avesx... finished: 07:00:05 AM
  Updating avewx... finished: 07:00:05 AM
Content-type: text/html

update-prices started: April 9 2011 08:00:03 AM
  Updating avedx... finished: 08:00:03 AM
  Updating avefx... finished: 08:00:03 AM
  Updating avegx... finished: 08:00:03 AM
  Updating avemx... finished: 08:00:03 AM
  Updating avemx... finished: 08:00:03 AM
  Updating avesx... finished: 08:00:03 AM
  Updating avewx... finished: 08:00:03 AM
Content-type: text/html

update-prices started: April 9 2011 09:00:05 AM
  Updating avedx... finished: 09:00:07 AM
  Updating avefx... finished: 09:00:07 AM
  Updating avegx... finished: 09:00:07 AM
  Updating avemx... finished: 09:00:07 AM
  Updating avemx... finished: 09:00:07 AM
  Updating avesx... finished: 09:00:07 AM
  Updating avewx... finished: 09:00:07 AM
Content-type: text/html

update-prices started: April 9 2011 10:00:01 AM
  Updating avedx... finished: 10:00:01 AM
  Updating avefx... finished: 10:00:01 AM
  Updating avegx... finished: 10:00:02 AM
  Updating avemx... finished: 10:00:02 AM
  Updating avemx... finished: 10:00:02 AM
  Updating avesx... finished: 10:00:02 AM
  Updating avewx... finished: 10:00:02 AM
Content-type: text/html

update-prices started: April 9 2011 11:00:06 AM
  Updating avedx... finished: 11:00:06 AM
  Updating avefx... finished: 11:00:07 AM
  Updating avegx... finished: 11:00:07 AM
  Updating avemx... finished: 11:00:07 AM
  Updating avemx... finished: 11:00:07 AM
  Updating avesx... finished: 11:00:07 AM
  Updating avewx... finished: 11:00:07 AM
Content-type: text/html

update-prices started: April 9 2011 12:00:05 PM
  Updating avedx... finished: 12:00:06 PM
  Updating avefx... finished: 12:00:06 PM
  Updating avegx... finished: 12:00:07 PM
  Updating avemx... finished: 12:00:07 PM
  Updating avemx... finished: 12:00:07 PM
  Updating avesx... finished: 12:00:08 PM
  Updating avewx... finished: 12:00:08 PM
Content-type: text/html

update-prices started: April 9 2011 01:00:03 PM
  Updating avedx... finished: 01:00:03 PM
  Updating avefx... finished: 01:00:03 PM
  Updating avegx... finished: 01:00:03 PM
  Updating avemx... finished: 01:00:03 PM
  Updating avemx... finished: 01:00:03 PM
  Updating avesx... finished: 01:00:03 PM
  Updating avewx... finished: 01:00:03 PM
Content-type: text/html

update-prices started: April 9 2011 02:00:04 PM
  Updating avedx... finished: 02:00:04 PM
  Updating avefx... finished: 02:00:04 PM
  Updating avegx... finished: 02:00:04 PM
  Updating avemx... finished: 02:00:04 PM
  Updating avemx... finished: 02:00:04 PM
  Updating avesx... finished: 02:00:04 PM
  Updating avewx... finished: 02:00:04 PM
Content-type: text/html

update-prices started: April 9 2011 03:00:02 PM
  Updating avedx... finished: 03:00:02 PM
  Updating avefx... finished: 03:00:02 PM
  Updating avegx... finished: 03:00:02 PM
  Updating avemx... finished: 03:00:02 PM
  Updating avemx... finished: 03:00:02 PM
  Updating avesx... finished: 03:00:02 PM
  Updating avewx... finished: 03:00:02 PM
Content-type: text/html

update-prices started: April 9 2011 04:00:03 PM
  Updating avedx... finished: 04:00:04 PM
  Updating avefx... finished: 04:00:04 PM
  Updating avegx... finished: 04:00:04 PM
  Updating avemx... finished: 04:00:04 PM
  Updating avemx... finished: 04:00:04 PM
  Updating avesx... finished: 04:00:04 PM
  Updating avewx... finished: 04:00:04 PM
Content-type: text/html

update-prices started: April 9 2011 05:00:04 PM
  Updating avedx... finished: 05:00:04 PM
  Updating avefx... finished: 05:00:04 PM
  Updating avegx... finished: 05:00:04 PM
  Updating avemx... finished: 05:00:04 PM
  Updating avemx... finished: 05:00:04 PM
  Updating avesx... finished: 05:00:04 PM
  Updating avewx... finished: 05:00:04 PM
Content-type: text/html

update-prices started: April 9 2011 06:00:05 PM
  Updating avedx... finished: 06:00:05 PM
  Updating avefx... finished: 06:00:05 PM
  Updating avegx... finished: 06:00:05 PM
  Updating avemx... finished: 06:00:05 PM
  Updating avemx... finished: 06:00:05 PM
  Updating avesx... finished: 06:00:05 PM
  Updating avewx... finished: 06:00:05 PM
Content-type: text/html

update-prices started: April 9 2011 07:00:02 PM
  Updating avedx... finished: 07:00:02 PM
  Updating avefx... finished: 07:00:03 PM
  Updating avegx... finished: 07:00:03 PM
  Updating avemx... finished: 07:00:04 PM
  Updating avemx... finished: 07:00:04 PM
  Updating avesx... finished: 07:00:04 PM
  Updating avewx... finished: 07:00:05 PM
Content-type: text/html

update-prices started: April 9 2011 08:00:03 PM
  Updating avedx... finished: 08:00:03 PM
  Updating avefx... finished: 08:00:03 PM
  Updating avegx... finished: 08:00:03 PM
  Updating avemx... finished: 08:00:03 PM
  Updating avemx... finished: 08:00:03 PM
  Updating avesx... finished: 08:00:04 PM
  Updating avewx... finished: 08:00:04 PM
Content-type: text/html

update-prices started: April 9 2011 09:00:02 PM
  Updating avedx... finished: 09:00:02 PM
  Updating avefx... finished: 09:00:02 PM
  Updating avegx... finished: 09:00:02 PM
  Updating avemx... finished: 09:00:02 PM
  Updating avemx... finished: 09:00:02 PM
  Updating avesx... finished: 09:00:02 PM
  Updating avewx... finished: 09:00:02 PM
Content-type: text/html

update-prices started: April 9 2011 10:00:03 PM
  Updating avedx... finished: 10:00:05 PM
  Updating avefx... finished: 10:00:05 PM
  Updating avegx... finished: 10:00:05 PM
  Updating avemx... finished: 10:00:05 PM
  Updating avemx... finished: 10:00:05 PM
  Updating avesx... finished: 10:00:05 PM
  Updating avewx... finished: 10:00:05 PM
Content-type: text/html

update-prices started: April 9 2011 11:00:05 PM
  Updating avedx... finished: 11:00:05 PM
  Updating avefx... finished: 11:00:05 PM
  Updating avegx... finished: 11:00:05 PM
  Updating avemx... finished: 11:00:05 PM
  Updating avemx... finished: 11:00:05 PM
  Updating avesx... finished: 11:00:05 PM
  Updating avewx... finished: 11:00:05 PM
Content-type: text/html

update-prices started: April 10 2011 12:00:12 AM
  Updating avedx... finished: 12:00:12 AM
  Updating avefx... finished: 12:00:12 AM
  Updating avegx... finished: 12:00:12 AM
  Updating avemx... finished: 12:00:12 AM
  Updating avemx... finished: 12:00:12 AM
  Updating avesx... finished: 12:00:12 AM
  Updating avewx... finished: 12:00:12 AM
Content-type: text/html

update-prices started: April 10 2011 01:00:03 AM
  Updating avedx... finished: 01:00:03 AM
  Updating avefx... finished: 01:00:04 AM
  Updating avegx... finished: 01:00:04 AM
  Updating avemx... finished: 01:00:04 AM
  Updating avemx... finished: 01:00:04 AM
  Updating avesx... finished: 01:00:05 AM
  Updating avewx... finished: 01:00:05 AM
Content-type: text/html

update-prices started: April 10 2011 02:00:04 AM
  Updating avedx... finished: 02:00:04 AM
  Updating avefx... finished: 02:00:04 AM
  Updating avegx... finished: 02:00:04 AM
  Updating avemx... finished: 02:00:04 AM
  Updating avemx... finished: 02:00:04 AM
  Updating avesx... finished: 02:00:04 AM
  Updating avewx... finished: 02:00:04 AM
Content-type: text/html

update-prices started: April 10 2011 03:00:11 AM
  Updating avedx... finished: 03:00:11 AM
  Updating avefx... finished: 03:00:14 AM
  Updating avegx... finished: 03:00:16 AM
  Updating avemx... finished: 03:00:17 AM
  Updating avemx... finished: 03:00:18 AM
  Updating avesx... finished: 03:00:18 AM
  Updating avewx... finished: 03:00:19 AM
Content-type: text/html

update-prices started: April 10 2011 04:00:04 AM
  Updating avedx... finished: 04:00:04 AM
  Updating avefx... finished: 04:00:04 AM
  Updating avegx... finished: 04:00:04 AM
  Updating avemx... finished: 04:00:04 AM
  Updating avemx... finished: 04:00:04 AM
  Updating avesx... finished: 04:00:04 AM
  Updating avewx... finished: 04:00:04 AM
Content-type: text/html

update-prices started: April 10 2011 05:00:05 AM
  Updating avedx... finished: 05:00:05 AM
  Updating avefx... finished: 05:00:05 AM
  Updating avegx... finished: 05:00:05 AM
  Updating avemx... finished: 05:00:05 AM
  Updating avemx... finished: 05:00:05 AM
  Updating avesx... finished: 05:00:05 AM
  Updating avewx... finished: 05:00:05 AM
Content-type: text/html

update-prices started: April 10 2011 06:00:01 AM
  Updating avedx... finished: 06:00:01 AM
  Updating avefx... finished: 06:00:02 AM
  Updating avegx... finished: 06:00:02 AM
  Updating avemx... finished: 06:00:02 AM
  Updating avemx... finished: 06:00:02 AM
  Updating avesx... finished: 06:00:02 AM
  Updating avewx... finished: 06:00:02 AM
Content-type: text/html

update-prices started: April 10 2011 07:00:03 AM
  Updating avedx... finished: 07:00:03 AM
  Updating avefx... finished: 07:00:03 AM
  Updating avegx... finished: 07:00:03 AM
  Updating avemx... finished: 07:00:03 AM
  Updating avemx... finished: 07:00:03 AM
  Updating avesx... finished: 07:00:03 AM
  Updating avewx... finished: 07:00:03 AM
Content-type: text/html

update-prices started: April 10 2011 08:00:01 AM
  Updating avedx... finished: 08:00:01 AM
  Updating avefx... finished: 08:00:01 AM
  Updating avegx... finished: 08:00:02 AM
  Updating avemx... finished: 08:00:02 AM
  Updating avemx... finished: 08:00:02 AM
  Updating avesx... finished: 08:00:03 AM
  Updating avewx... finished: 08:00:03 AM
Content-type: text/html

update-prices started: April 10 2011 09:00:04 AM
  Updating avedx... finished: 09:00:04 AM
  Updating avefx... finished: 09:00:04 AM
  Updating avegx... finished: 09:00:04 AM
  Updating avemx... finished: 09:00:04 AM
  Updating avemx... finished: 09:00:04 AM
  Updating avesx... finished: 09:00:04 AM
  Updating avewx... finished: 09:00:04 AM
Content-type: text/html

update-prices started: April 10 2011 10:00:04 AM
  Updating avedx... finished: 10:00:05 AM
  Updating avefx... finished: 10:00:05 AM
  Updating avegx... finished: 10:00:05 AM
  Updating avemx... finished: 10:00:05 AM
  Updating avemx... finished: 10:00:05 AM
  Updating avesx... finished: 10:00:05 AM
  Updating avewx... finished: 10:00:05 AM
Content-type: text/html

update-prices started: April 10 2011 11:00:02 AM
  Updating avedx... finished: 11:00:02 AM
  Updating avefx... finished: 11:00:02 AM
  Updating avegx... finished: 11:00:02 AM
  Updating avemx... finished: 11:00:02 AM
  Updating avemx... finished: 11:00:02 AM
  Updating avesx... finished: 11:00:02 AM
  Updating avewx... finished: 11:00:02 AM
Content-type: text/html

update-prices started: April 10 2011 12:00:04 PM
  Updating avedx... finished: 12:00:04 PM
  Updating avefx... finished: 12:00:04 PM
  Updating avegx... finished: 12:00:04 PM
  Updating avemx... finished: 12:00:04 PM
  Updating avemx... finished: 12:00:04 PM
  Updating avesx... finished: 12:00:04 PM
  Updating avewx... finished: 12:00:04 PM
Content-type: text/html

update-prices started: April 10 2011 01:00:01 PM
  Updating avedx... finished: 01:00:01 PM
  Updating avefx... finished: 01:00:02 PM
  Updating avegx... finished: 01:00:02 PM
  Updating avemx... finished: 01:00:02 PM
  Updating avemx... finished: 01:00:02 PM
  Updating avesx... finished: 01:00:02 PM
  Updating avewx... finished: 01:00:02 PM
Content-type: text/html

update-prices started: April 10 2011 02:00:08 PM
  Updating avedx... finished: 02:00:08 PM
  Updating avefx... finished: 02:00:09 PM
  Updating avegx... finished: 02:00:10 PM
  Updating avemx... finished: 02:00:10 PM
  Updating avemx... finished: 02:00:10 PM
  Updating avesx... finished: 02:00:10 PM
  Updating avewx... finished: 02:00:11 PM
Content-type: text/html

update-prices started: April 10 2011 03:00:04 PM
  Updating avedx... finished: 03:00:04 PM
  Updating avefx... finished: 03:00:04 PM
  Updating avegx... finished: 03:00:04 PM
  Updating avemx... finished: 03:00:04 PM
  Updating avemx... finished: 03:00:04 PM
  Updating avesx... finished: 03:00:04 PM
  Updating avewx... finished: 03:00:04 PM
Content-type: text/html

update-prices started: April 10 2011 04:00:04 PM
  Updating avedx... finished: 04:00:05 PM
  Updating avefx... finished: 04:00:05 PM
  Updating avegx... finished: 04:00:05 PM
  Updating avemx... finished: 04:00:06 PM
  Updating avemx... finished: 04:00:06 PM
  Updating avesx... finished: 04:00:06 PM
  Updating avewx... finished: 04:00:06 PM
Content-type: text/html

update-prices started: April 10 2011 05:00:04 PM
  Updating avedx... finished: 05:00:04 PM
  Updating avefx... finished: 05:00:04 PM
  Updating avegx... finished: 05:00:04 PM
  Updating avemx... finished: 05:00:04 PM
  Updating avemx... finished: 05:00:04 PM
  Updating avesx... finished: 05:00:04 PM
  Updating avewx... finished: 05:00:04 PM
Content-type: text/html

update-prices started: April 10 2011 06:00:03 PM
  Updating avedx... finished: 06:00:03 PM
  Updating avefx... finished: 06:00:03 PM
  Updating avegx... finished: 06:00:03 PM
  Updating avemx... finished: 06:00:03 PM
  Updating avemx... finished: 06:00:03 PM
  Updating avesx... finished: 06:00:03 PM
  Updating avewx... finished: 06:00:03 PM
Content-type: text/html

update-prices started: April 10 2011 07:00:02 PM
  Updating avedx... finished: 07:00:02 PM
  Updating avefx... finished: 07:00:02 PM
  Updating avegx... finished: 07:00:02 PM
  Updating avemx... finished: 07:00:02 PM
  Updating avemx... finished: 07:00:02 PM
  Updating avesx... finished: 07:00:03 PM
  Updating avewx... finished: 07:00:03 PM
Content-type: text/html

update-prices started: April 10 2011 08:00:09 PM
  Updating avedx... finished: 08:00:09 PM
  Updating avefx... finished: 08:00:11 PM
  Updating avegx... finished: 08:00:12 PM
  Updating avemx... finished: 08:00:12 PM
  Updating avemx... finished: 08:00:12 PM
  Updating avesx... finished: 08:00:13 PM
  Updating avewx... finished: 08:00:14 PM
Content-type: text/html

update-prices started: April 10 2011 09:00:03 PM
  Updating avedx... finished: 09:00:04 PM
  Updating avefx... finished: 09:00:04 PM
  Updating avegx... finished: 09:00:04 PM
  Updating avemx... finished: 09:00:04 PM
  Updating avemx... finished: 09:00:04 PM
  Updating avesx... finished: 09:00:04 PM
  Updating avewx... finished: 09:00:04 PM
Content-type: text/html

update-prices started: April 10 2011 10:00:05 PM
  Updating avedx... finished: 10:00:06 PM
  Updating avefx... finished: 10:00:07 PM
  Updating avegx... finished: 10:00:07 PM
  Updating avemx... finished: 10:00:08 PM
  Updating avemx... finished: 10:00:08 PM
  Updating avesx... finished: 10:00:09 PM
  Updating avewx... finished: 10:00:09 PM
Content-type: text/html

update-prices started: April 10 2011 11:00:03 PM
  Updating avedx... finished: 11:00:03 PM
  Updating avefx... finished: 11:00:03 PM
  Updating avegx... finished: 11:00:04 PM
  Updating avemx... finished: 11:00:04 PM
  Updating avemx... finished: 11:00:04 PM
  Updating avesx... finished: 11:00:05 PM
  Updating avewx... finished: 11:00:07 PM
Content-type: text/html

update-prices started: April 11 2011 12:00:01 AM
  Updating avedx... finished: 12:00:01 AM
  Updating avefx... finished: 12:00:01 AM
  Updating avegx... finished: 12:00:02 AM
  Updating avemx... finished: 12:00:02 AM
  Updating avemx... finished: 12:00:02 AM
  Updating avesx... finished: 12:00:02 AM
  Updating avewx... finished: 12:00:02 AM
Content-type: text/html

update-prices started: April 11 2011 01:00:05 AM
  Updating avedx... finished: 01:00:05 AM
  Updating avefx... finished: 01:00:05 AM
  Updating avegx... finished: 01:00:05 AM
  Updating avemx... finished: 01:00:05 AM
  Updating avemx... finished: 01:00:05 AM
  Updating avesx... finished: 01:00:05 AM
  Updating avewx... finished: 01:00:05 AM
Content-type: text/html

update-prices started: April 11 2011 02:00:04 AM
  Updating avedx... finished: 02:00:04 AM
  Updating avefx... finished: 02:00:04 AM
  Updating avegx... finished: 02:00:04 AM
  Updating avemx... finished: 02:00:04 AM
  Updating avemx... finished: 02:00:04 AM
  Updating avesx... finished: 02:00:04 AM
  Updating avewx... finished: 02:00:04 AM
Content-type: text/html

update-prices started: April 11 2011 03:00:02 AM
  Updating avedx... finished: 03:00:03 AM
  Updating avefx... finished: 03:00:10 AM
  Updating avegx... finished: 03:00:15 AM
  Updating avemx... finished: 03:00:16 AM
  Updating avemx... finished: 03:00:16 AM
  Updating avesx... finished: 03:00:17 AM
  Updating avewx... finished: 03:00:18 AM
Content-type: text/html

update-prices started: April 11 2011 04:00:02 AM
  Updating avedx... finished: 04:00:02 AM
  Updating avefx... finished: 04:00:02 AM
  Updating avegx... finished: 04:00:02 AM
  Updating avemx... finished: 04:00:02 AM
  Updating avemx... finished: 04:00:02 AM
  Updating avesx... finished: 04:00:02 AM
  Updating avewx... finished: 04:00:02 AM
Content-type: text/html

update-prices started: April 11 2011 05:00:04 AM
  Updating avedx... finished: 05:00:05 AM
  Updating avefx... finished: 05:00:05 AM
  Updating avegx... finished: 05:00:06 AM
  Updating avemx... finished: 05:00:06 AM
  Updating avemx... finished: 05:00:06 AM
  Updating avesx... finished: 05:00:06 AM
  Updating avewx... finished: 05:00:06 AM
Content-type: text/html

update-prices started: April 11 2011 06:00:05 AM
  Updating avedx... finished: 06:00:05 AM
  Updating avefx... finished: 06:00:05 AM
  Updating avegx... finished: 06:00:05 AM
  Updating avemx... finished: 06:00:05 AM
  Updating avemx... finished: 06:00:05 AM
  Updating avesx... finished: 06:00:05 AM
  Updating avewx... finished: 06:00:05 AM
Content-type: text/html

update-prices started: April 11 2011 07:00:07 AM
  Updating avedx... finished: 07:00:07 AM
  Updating avefx... finished: 07:00:10 AM
  Updating avegx... finished: 07:00:12 AM
  Updating avemx... finished: 07:00:12 AM
  Updating avemx... finished: 07:00:20 AM
  Updating avesx... finished: 07:00:20 AM
  Updating avewx... finished: 07:00:20 AM
Content-type: text/html

update-prices started: April 11 2011 08:00:06 AM
  Updating avedx... finished: 08:00:06 AM
  Updating avefx... finished: 08:00:06 AM
  Updating avegx... finished: 08:00:06 AM
  Updating avemx... finished: 08:00:06 AM
  Updating avemx... finished: 08:00:06 AM
  Updating avesx... finished: 08:00:06 AM
  Updating avewx... finished: 08:00:06 AM
Content-type: text/html

update-prices started: April 11 2011 09:00:18 AM
  Updating avedx... finished: 09:00:18 AM
  Updating avefx... finished: 09:00:32 AM
  Updating avegx... finished: 09:00:44 AM
  Updating avemx... finished: 09:00:58 AM
  Updating avemx... finished: 09:01:02 AM
  Updating avesx... finished: 09:01:14 AM
  Updating avewx... finished: 09:01:27 AM
Content-type: text/html

update-prices started: April 11 2011 10:00:08 AM
  Updating avedx... finished: 10:00:08 AM
  Updating avefx... finished: 10:00:08 AM
  Updating avegx... finished: 10:00:08 AM
  Updating avemx... finished: 10:00:08 AM
  Updating avemx... finished: 10:00:08 AM
  Updating avesx... finished: 10:00:08 AM
  Updating avewx... finished: 10:00:08 AM
Content-type: text/html

update-prices started: April 11 2011 11:00:04 AM
  Updating avedx... finished: 11:00:06 AM
  Updating avefx... finished: 11:00:06 AM
  Updating avegx... finished: 11:00:06 AM
  Updating avemx... finished: 11:00:06 AM
  Updating avemx... finished: 11:00:06 AM
  Updating avesx... finished: 11:00:06 AM
  Updating avewx... finished: 11:00:06 AM
Content-type: text/html

update-prices started: April 11 2011 12:00:04 PM
  Updating avedx... finished: 12:00:05 PM
  Updating avefx... finished: 12:00:05 PM
  Updating avegx... finished: 12:00:07 PM
  Updating avemx... finished: 12:00:08 PM
  Updating avemx... finished: 12:00:08 PM
  Updating avesx... finished: 12:00:08 PM
  Updating avewx... finished: 12:00:08 PM
Content-type: text/html

update-prices started: April 11 2011 01:00:08 PM
  Updating avedx... finished: 01:00:08 PM
  Updating avefx... finished: 01:00:08 PM
  Updating avegx... finished: 01:00:08 PM
  Updating avemx... finished: 01:00:08 PM
  Updating avemx... finished: 01:00:08 PM
  Updating avesx... finished: 01:00:08 PM
  Updating avewx... finished: 01:00:08 PM
Content-type: text/html

update-prices started: April 11 2011 02:00:02 PM
  Updating avedx... finished: 02:00:02 PM
  Updating avefx... finished: 02:00:02 PM
  Updating avegx... finished: 02:00:02 PM
  Updating avemx... finished: 02:00:02 PM
  Updating avemx... finished: 02:00:02 PM
  Updating avesx... finished: 02:00:02 PM
  Updating avewx... finished: 02:00:02 PM
Content-type: text/html

update-prices started: April 11 2011 03:00:03 PM
  Updating avedx... finished: 03:00:03 PM
  Updating avefx... finished: 03:00:03 PM
  Updating avegx... finished: 03:00:04 PM
  Updating avemx... finished: 03:00:04 PM
  Updating avemx... finished: 03:00:04 PM
  Updating avesx... finished: 03:00:04 PM
  Updating avewx... finished: 03:00:04 PM
Content-type: text/html

update-prices started: April 11 2011 04:00:04 PM
  Updating avedx... finished: 04:00:04 PM
  Updating avefx... finished: 04:00:07 PM
  Updating avegx... finished: 04:00:12 PM
  Updating avemx... finished: 04:00:23 PM
  Updating avemx... finished: 04:00:24 PM
  Updating avesx... finished: 04:00:31 PM
  Updating avewx... finished: 04:00:43 PM
Content-type: text/html

update-prices started: April 11 2011 05:00:03 PM
  Updating avedx... finished: 05:00:03 PM
  Updating avefx... finished: 05:00:03 PM
  Updating avegx... finished: 05:00:03 PM
  Updating avemx... finished: 05:00:03 PM
  Updating avemx... finished: 05:00:03 PM
  Updating avesx... finished: 05:00:03 PM
  Updating avewx... finished: 05:00:03 PM
Content-type: text/html

update-prices started: April 11 2011 06:00:03 PM
  Updating avedx... finished: 06:00:03 PM
  Updating avefx... finished: 06:00:04 PM
  Updating avegx... finished: 06:00:04 PM
  Updating avemx... finished: 06:00:04 PM
  Updating avemx... finished: 06:00:04 PM
  Updating avesx... finished: 06:00:04 PM
  Updating avewx... finished: 06:00:04 PM
Content-type: text/html

update-prices started: April 11 2011 07:00:04 PM
  Updating avedx... finished: 07:00:04 PM
  Updating avefx... finished: 07:00:04 PM
  Updating avegx... finished: 07:00:05 PM
  Updating avemx... finished: 07:00:05 PM
  Updating avemx... finished: 07:00:05 PM
  Updating avesx... finished: 07:00:05 PM
  Updating avewx... finished: 07:00:06 PM
Content-type: text/html

update-prices started: April 11 2011 08:00:04 PM
  Updating avedx... finished: 08:00:04 PM
  Updating avefx... finished: 08:00:04 PM
  Updating avegx... finished: 08:00:04 PM
  Updating avemx... finished: 08:00:04 PM
  Updating avemx... finished: 08:00:04 PM
  Updating avesx... finished: 08:00:04 PM
  Updating avewx... finished: 08:00:04 PM
Content-type: text/html

update-prices started: April 11 2011 09:00:29 PM
  Updating avedx... finished: 09:00:48 PM
  Updating avefx... finished: 09:01:06 PM
  Updating avegx... finished: 09:01:13 PM
  Updating avemx... finished: 09:01:22 PM
  Updating avemx... finished: 09:01:22 PM
  Updating avesx... finished: 09:01:29 PM
  Updating avewx... finished: 09:01:43 PM
Content-type: text/html

update-prices started: April 11 2011 10:00:07 PM
  Updating avedx... finished: 10:00:07 PM
  Updating avefx... finished: 10:00:09 PM
  Updating avegx... finished: 10:00:10 PM
  Updating avemx... finished: 10:00:10 PM
  Updating avemx... finished: 10:00:11 PM
  Updating avesx... finished: 10:00:12 PM
  Updating avewx... finished: 10:00:12 PM
Content-type: text/html

update-prices started: April 11 2011 11:00:01 PM
  Updating avedx... finished: 11:00:02 PM
  Updating avefx... finished: 11:00:04 PM
  Updating avegx... finished: 11:00:05 PM
  Updating avemx... finished: 11:00:07 PM
  Updating avemx... finished: 11:00:07 PM
  Updating avesx... <!-- DEBUG> Google's price [11.9] doesn't match Yahoo!'s price [11.92]. Taking no action. -->finished: 11:00:08 PM
  Updating avewx... finished: 11:00:10 PM
Content-type: text/html

update-prices started: April 12 2011 12:00:03 AM
  Updating avedx... finished: 12:00:08 AM
  Updating avefx... finished: 12:00:08 AM
  Updating avegx... finished: 12:00:08 AM
  Updating avemx... finished: 12:00:08 AM
  Updating avemx... finished: 12:00:08 AM
  Updating avesx... finished: 12:00:09 AM
  Updating avewx... finished: 12:00:09 AM
Content-type: text/html

update-prices started: April 12 2011 01:00:02 AM
  Updating avedx... finished: 01:00:02 AM
  Updating avefx... finished: 01:00:02 AM
  Updating avegx... finished: 01:00:02 AM
  Updating avemx... finished: 01:00:02 AM
  Updating avemx... finished: 01:00:02 AM
  Updating avesx... finished: 01:00:02 AM
  Updating avewx... finished: 01:00:02 AM
Content-type: text/html

update-prices started: April 12 2011 02:00:03 AM
  Updating avedx... finished: 02:00:03 AM
  Updating avefx... finished: 02:00:03 AM
  Updating avegx... finished: 02:00:03 AM
  Updating avemx... finished: 02:00:03 AM
  Updating avemx... finished: 02:00:03 AM
  Updating avesx... finished: 02:00:03 AM
  Updating avewx... finished: 02:00:03 AM
Content-type: text/html

update-prices started: April 12 2011 03:00:04 AM
  Updating avedx... finished: 03:00:04 AM
  Updating avefx... finished: 03:00:04 AM
  Updating avegx... finished: 03:00:04 AM
  Updating avemx... finished: 03:00:04 AM
  Updating avemx... finished: 03:00:04 AM
  Updating avesx... finished: 03:00:04 AM
  Updating avewx... finished: 03:00:04 AM
Content-type: text/html

update-prices started: April 12 2011 04:00:04 AM
  Updating avedx... finished: 04:00:04 AM
  Updating avefx... finished: 04:00:04 AM
  Updating avegx... finished: 04:00:05 AM
  Updating avemx... finished: 04:00:05 AM
  Updating avemx... finished: 04:00:05 AM
  Updating avesx... finished: 04:00:05 AM
  Updating avewx... finished: 04:00:05 AM
Content-type: text/html

update-prices started: April 12 2011 05:00:01 AM
  Updating avedx... finished: 05:00:01 AM
  Updating avefx... finished: 05:00:02 AM
  Updating avegx... finished: 05:00:02 AM
  Updating avemx... finished: 05:00:02 AM
  Updating avemx... finished: 05:00:02 AM
  Updating avesx... finished: 05:00:02 AM
  Updating avewx... finished: 05:00:02 AM
Content-type: text/html

update-prices started: April 12 2011 06:00:09 AM
  Updating avedx... finished: 06:00:20 AM
  Updating avefx... finished: 06:00:20 AM
  Updating avegx... finished: 06:00:21 AM
  Updating avemx... finished: 06:00:26 AM
  Updating avemx... finished: 06:00:28 AM
  Updating avesx... finished: 06:00:31 AM
  Updating avewx... finished: 06:00:33 AM
Content-type: text/html

update-prices started: April 12 2011 07:00:03 AM
  Updating avedx... finished: 07:00:03 AM
  Updating avefx... finished: 07:00:03 AM
  Updating avegx... finished: 07:00:03 AM
  Updating avemx... finished: 07:00:03 AM
  Updating avemx... finished: 07:00:03 AM
  Updating avesx... finished: 07:00:03 AM
  Updating avewx... finished: 07:00:03 AM
Content-type: text/html

update-prices started: April 12 2011 08:00:03 AM
  Updating avedx... finished: 08:00:03 AM
  Updating avefx... finished: 08:00:04 AM
  Updating avegx... finished: 08:00:04 AM
  Updating avemx... finished: 08:00:04 AM
  Updating avemx... finished: 08:00:04 AM
  Updating avesx... finished: 08:00:04 AM
  Updating avewx... finished: 08:00:04 AM
Content-type: text/html

update-prices started: April 12 2011 09:00:05 AM
  Updating avedx... finished: 09:00:06 AM
  Updating avefx... finished: 09:00:09 AM
  Updating avegx... finished: 09:00:10 AM
  Updating avemx... finished: 09:00:10 AM
  Updating avemx... finished: 09:00:14 AM
  Updating avesx... finished: 09:00:20 AM
  Updating avewx... finished: 09:00:42 AM
Content-type: text/html

update-prices started: April 12 2011 10:00:01 AM
  Updating avedx... finished: 10:00:01 AM
  Updating avefx... finished: 10:00:01 AM
  Updating avegx... finished: 10:00:01 AM
  Updating avemx... finished: 10:00:01 AM
  Updating avemx... finished: 10:00:01 AM
  Updating avesx... finished: 10:00:01 AM
  Updating avewx... finished: 10:00:01 AM
Content-type: text/html

update-prices started: April 12 2011 11:00:01 AM
  Updating avedx... finished: 11:00:01 AM
  Updating avefx... finished: 11:00:05 AM
  Updating avegx... finished: 11:00:08 AM
  Updating avemx... finished: 11:00:08 AM
  Updating avemx... finished: 11:00:08 AM
  Updating avesx... finished: 11:00:08 AM
  Updating avewx... finished: 11:00:08 AM
Content-type: text/html

update-prices started: April 12 2011 12:00:02 PM
  Updating avedx... finished: 12:00:02 PM
  Updating avefx... finished: 12:00:02 PM
  Updating avegx... finished: 12:00:03 PM
  Updating avemx... finished: 12:00:03 PM
  Updating avemx... finished: 12:00:04 PM
  Updating avesx... finished: 12:00:05 PM
  Updating avewx... finished: 12:00:06 PM
Content-type: text/html

update-prices started: April 12 2011 01:00:03 PM
  Updating avedx... finished: 01:00:10 PM
  Updating avefx... finished: 01:00:10 PM
  Updating avegx... finished: 01:00:10 PM
  Updating avemx... finished: 01:00:11 PM
  Updating avemx... finished: 01:00:11 PM
  Updating avesx... finished: 01:00:13 PM
  Updating avewx... finished: 01:00:14 PM
Content-type: text/html

update-prices started: April 12 2011 02:00:04 PM
  Updating avedx... finished: 02:00:05 PM
  Updating avefx... finished: 02:00:06 PM
  Updating avegx... finished: 02:00:06 PM
  Updating avemx... finished: 02:00:09 PM
  Updating avemx... finished: 02:00:10 PM
  Updating avesx... finished: 02:00:10 PM
  Updating avewx... finished: 02:00:11 PM
Content-type: text/html

update-prices started: April 12 2011 03:00:02 PM
  Updating avedx... finished: 03:00:02 PM
  Updating avefx... finished: 03:00:02 PM
  Updating avegx... finished: 03:00:02 PM
  Updating avemx... finished: 03:00:02 PM
  Updating avemx... finished: 03:00:02 PM
  Updating avesx... finished: 03:00:02 PM
  Updating avewx... finished: 03:00:02 PM
Content-type: text/html

update-prices started: April 12 2011 04:00:03 PM
  Updating avedx... finished: 04:00:04 PM
  Updating avefx... finished: 04:00:04 PM
  Updating avegx... finished: 04:00:04 PM
  Updating avemx... finished: 04:00:04 PM
  Updating avemx... finished: 04:00:04 PM
  Updating avesx... finished: 04:00:04 PM
  Updating avewx... finished: 04:00:04 PM
Content-type: text/html

update-prices started: April 12 2011 05:00:03 PM
  Updating avedx... finished: 05:00:03 PM
  Updating avefx... finished: 05:00:04 PM
  Updating avegx... finished: 05:00:04 PM
  Updating avemx... finished: 05:00:04 PM
  Updating avemx... finished: 05:00:04 PM
  Updating avesx... finished: 05:00:04 PM
  Updating avewx... finished: 05:00:04 PM
Content-type: text/html

update-prices started: April 12 2011 06:00:04 PM
  Updating avedx... finished: 06:00:05 PM
  Updating avefx... finished: 06:00:05 PM
  Updating avegx... finished: 06:00:05 PM
  Updating avemx... finished: 06:00:06 PM
  Updating avemx... finished: 06:00:06 PM
  Updating avesx... finished: 06:00:06 PM
  Updating avewx... finished: 06:00:06 PM
Content-type: text/html

update-prices started: April 12 2011 07:00:06 PM
  Updating avedx... finished: 07:00:06 PM
  Updating avefx... finished: 07:00:06 PM
  Updating avegx... finished: 07:00:06 PM
  Updating avemx... finished: 07:00:06 PM
  Updating avemx... finished: 07:00:06 PM
  Updating avesx... finished: 07:00:06 PM
  Updating avewx... finished: 07:00:06 PM
Content-type: text/html

update-prices started: April 12 2011 08:00:04 PM
  Updating avedx... finished: 08:00:04 PM
  Updating avefx... finished: 08:00:04 PM
  Updating avegx... finished: 08:00:04 PM
  Updating avemx... finished: 08:00:04 PM
  Updating avemx... finished: 08:00:04 PM
  Updating avesx... finished: 08:00:05 PM
  Updating avewx... finished: 08:00:07 PM
Content-type: text/html

update-prices started: April 12 2011 09:00:04 PM
  Updating avedx... finished: 09:00:04 PM
  Updating avefx... finished: 09:00:04 PM
  Updating avegx... finished: 09:00:04 PM
  Updating avemx... finished: 09:00:04 PM
  Updating avemx... finished: 09:00:04 PM
  Updating avesx... finished: 09:00:04 PM
  Updating avewx... finished: 09:00:04 PM
Content-type: text/html

update-prices started: April 12 2011 10:00:04 PM
  Updating avedx... finished: 10:00:04 PM
  Updating avefx... finished: 10:00:05 PM
  Updating avegx... finished: 10:00:05 PM
  Updating avemx... finished: 10:00:06 PM
  Updating avemx... finished: 10:00:08 PM
  Updating avesx... finished: 10:00:08 PM
  Updating avewx... finished: 10:00:09 PM
Content-type: text/html

update-prices started: April 12 2011 11:00:05 PM
  Updating avedx... finished: 11:00:05 PM
  Updating avefx... finished: 11:00:05 PM
  Updating avegx... finished: 11:00:05 PM
  Updating avemx... finished: 11:00:05 PM
  Updating avemx... finished: 11:00:05 PM
  Updating avesx... finished: 11:00:05 PM
  Updating avewx... finished: 11:00:05 PM
Content-type: text/html

update-prices started: April 13 2011 12:00:11 AM
  Updating avedx... finished: 12:00:11 AM
  Updating avefx... finished: 12:00:11 AM
  Updating avegx... finished: 12:00:12 AM
  Updating avemx... finished: 12:00:12 AM
  Updating avemx... finished: 12:00:12 AM
  Updating avesx... finished: 12:00:12 AM
  Updating avewx... finished: 12:00:12 AM
Content-type: text/html

update-prices started: April 13 2011 01:00:01 AM
  Updating avedx... finished: 01:00:01 AM
  Updating avefx... finished: 01:00:01 AM
  Updating avegx... finished: 01:00:01 AM
  Updating avemx... finished: 01:00:01 AM
  Updating avemx... finished: 01:00:01 AM
  Updating avesx... finished: 01:00:01 AM
  Updating avewx... finished: 01:00:01 AM
Content-type: text/html

update-prices started: April 13 2011 02:00:02 AM
  Updating avedx... finished: 02:00:03 AM
  Updating avefx... finished: 02:00:09 AM
  Updating avegx... finished: 02:00:11 AM
  Updating avemx... finished: 02:00:13 AM
  Updating avemx... finished: 02:00:14 AM
  Updating avesx... finished: 02:00:16 AM
  Updating avewx... finished: 02:00:17 AM
Content-type: text/html

update-prices started: April 13 2011 03:00:04 AM
  Updating avedx... finished: 03:00:04 AM
  Updating avefx... finished: 03:00:04 AM
  Updating avegx... finished: 03:00:04 AM
  Updating avemx... finished: 03:00:04 AM
  Updating avemx... finished: 03:00:04 AM
  Updating avesx... finished: 03:00:04 AM
  Updating avewx... finished: 03:00:04 AM
Content-type: text/html

update-prices started: April 13 2011 04:00:02 AM
  Updating avedx... finished: 04:00:02 AM
  Updating avefx... finished: 04:00:02 AM
  Updating avegx... finished: 04:00:02 AM
  Updating avemx... finished: 04:00:02 AM
  Updating avemx... finished: 04:00:02 AM
  Updating avesx... finished: 04:00:02 AM
  Updating avewx... finished: 04:00:02 AM
Content-type: text/html

update-prices started: April 13 2011 05:00:04 AM
  Updating avedx... finished: 05:00:04 AM
  Updating avefx... finished: 05:00:04 AM
  Updating avegx... finished: 05:00:04 AM
  Updating avemx... finished: 05:00:04 AM
  Updating avemx... finished: 05:00:04 AM
  Updating avesx... finished: 05:00:04 AM
  Updating avewx... finished: 05:00:04 AM
Content-type: text/html

update-prices started: April 13 2011 06:00:04 AM
  Updating avedx... finished: 06:00:04 AM
  Updating avefx... finished: 06:00:07 AM
  Updating avegx... finished: 06:00:09 AM
  Updating avemx... finished: 06:00:09 AM
  Updating avemx... finished: 06:00:09 AM
  Updating avesx... finished: 06:00:09 AM
  Updating avewx... finished: 06:00:09 AM
Content-type: text/html

update-prices started: April 13 2011 07:00:02 AM
  Updating avedx... finished: 07:00:02 AM
  Updating avefx... finished: 07:00:02 AM
  Updating avegx... finished: 07:00:03 AM
  Updating avemx... finished: 07:00:03 AM
  Updating avemx... finished: 07:00:03 AM
  Updating avesx... finished: 07:00:03 AM
  Updating avewx... finished: 07:00:03 AM
Content-type: text/html

update-prices started: April 13 2011 08:00:03 AM
  Updating avedx... finished: 08:00:06 AM
  Updating avefx... finished: 08:00:06 AM
  Updating avegx... finished: 08:00:06 AM
  Updating avemx... finished: 08:00:06 AM
  Updating avemx... finished: 08:00:06 AM
  Updating avesx... finished: 08:00:06 AM
  Updating avewx... finished: 08:00:06 AM
Content-type: text/html

update-prices started: April 13 2011 09:00:03 AM
  Updating avedx... finished: 09:00:03 AM
  Updating avefx... finished: 09:00:03 AM
  Updating avegx... finished: 09:00:04 AM
  Updating avemx... finished: 09:00:08 AM
  Updating avemx... finished: 09:00:08 AM
  Updating avesx... <br />
<b>Warning</b>:  fopen(http://finance.yahoo.com/d/quotes.csv?s=avesx&amp;f=l1c1p2d1) [<a href='function.fopen'>function.fopen</a>]: failed to open stream: HTTP request failed!  in <b>/home/content/s/i/c/sici00/html/includes/library.php</b> on line <b>290</b><br />
finished: 09:00:09 AM
  Updating avewx... finished: 09:00:12 AM
Content-type: text/html

update-prices started: April 13 2011 10:00:04 AM
  Updating avedx... finished: 10:00:04 AM
  Updating avefx... finished: 10:00:04 AM
  Updating avegx... finished: 10:00:04 AM
  Updating avemx... finished: 10:00:04 AM
  Updating avemx... finished: 10:00:04 AM
  Updating avesx... finished: 10:00:06 AM
  Updating avewx... finished: 10:00:06 AM
Content-type: text/html

update-prices started: April 13 2011 11:00:01 AM
  Updating avedx... finished: 11:00:01 AM
  Updating avefx... finished: 11:00:01 AM
  Updating avegx... finished: 11:00:01 AM
  Updating avemx... finished: 11:00:01 AM
  Updating avemx... finished: 11:00:01 AM
  Updating avesx... finished: 11:00:01 AM
  Updating avewx... finished: 11:00:01 AM
Content-type: text/html

update-prices started: April 13 2011 12:00:04 PM
  Updating avedx... finished: 12:00:04 PM
  Updating avefx... finished: 12:00:07 PM
  Updating avegx... finished: 12:00:07 PM
  Updating avemx... finished: 12:00:07 PM
  Updating avemx... finished: 12:00:07 PM
  Updating avesx... finished: 12:00:07 PM
  Updating avewx... finished: 12:00:07 PM
Content-type: text/html

update-prices started: April 13 2011 01:00:03 PM
  Updating avedx... finished: 01:00:03 PM
  Updating avefx... finished: 01:00:03 PM
  Updating avegx... finished: 01:00:04 PM
  Updating avemx... finished: 01:00:04 PM
  Updating avemx... finished: 01:00:04 PM
  Updating avesx... finished: 01:00:05 PM
  Updating avewx... finished: 01:00:05 PM
Content-type: text/html

update-prices started: April 13 2011 02:00:03 PM
  Updating avedx... finished: 02:00:03 PM
  Updating avefx... finished: 02:00:03 PM
  Updating avegx... finished: 02:00:03 PM
  Updating avemx... finished: 02:00:03 PM
  Updating avemx... finished: 02:00:03 PM
  Updating avesx... finished: 02:00:03 PM
  Updating avewx... finished: 02:00:03 PM
Content-type: text/html

update-prices started: April 13 2011 03:00:03 PM
  Updating avedx... finished: 03:00:03 PM
  Updating avefx... finished: 03:00:03 PM
  Updating avegx... finished: 03:00:03 PM
  Updating avemx... finished: 03:00:03 PM
  Updating avemx... finished: 03:00:03 PM
  Updating avesx... finished: 03:00:03 PM
  Updating avewx... finished: 03:00:03 PM
Content-type: text/html

update-prices started: April 13 2011 04:00:04 PM
  Updating avedx... finished: 04:00:05 PM
  Updating avefx... finished: 04:00:05 PM
  Updating avegx... finished: 04:00:05 PM
  Updating avemx... finished: 04:00:08 PM
  Updating avemx... finished: 04:00:09 PM
  Updating avesx... finished: 04:00:10 PM
  Updating avewx... finished: 04:00:11 PM
Content-type: text/html

update-prices started: April 13 2011 05:00:03 PM
  Updating avedx... finished: 05:00:03 PM
  Updating avefx... finished: 05:00:03 PM
  Updating avegx... finished: 05:00:03 PM
  Updating avemx... finished: 05:00:03 PM
  Updating avemx... finished: 05:00:03 PM
  Updating avesx... finished: 05:00:03 PM
  Updating avewx... finished: 05:00:03 PM
Content-type: text/html

update-prices started: April 13 2011 06:00:05 PM
  Updating avedx... finished: 06:00:05 PM
  Updating avefx... finished: 06:00:05 PM
  Updating avegx... finished: 06:00:05 PM
  Updating avemx... finished: 06:00:05 PM
  Updating avemx... finished: 06:00:05 PM
  Updating avesx... finished: 06:00:05 PM
  Updating avewx... finished: 06:00:05 PM
Content-type: text/html

update-prices started: April 13 2011 07:00:04 PM
  Updating avedx... finished: 07:00:04 PM
  Updating avefx... finished: 07:00:04 PM
  Updating avegx... finished: 07:00:05 PM
  Updating avemx... finished: 07:00:05 PM
  Updating avemx... finished: 07:00:05 PM
  Updating avesx... finished: 07:00:05 PM
  Updating avewx... finished: 07:00:05 PM
Content-type: text/html

update-prices started: April 13 2011 08:00:01 PM
  Updating avedx... finished: 08:00:01 PM
  Updating avefx... finished: 08:00:01 PM
  Updating avegx... finished: 08:00:01 PM
  Updating avemx... finished: 08:00:01 PM
  Updating avemx... finished: 08:00:01 PM
  Updating avesx... finished: 08:00:01 PM
  Updating avewx... finished: 08:00:01 PM
Content-type: text/html

update-prices started: April 13 2011 09:00:04 PM
  Updating avedx... finished: 09:00:05 PM
  Updating avefx... finished: 09:00:05 PM
  Updating avegx... finished: 09:00:05 PM
  Updating avemx... finished: 09:00:05 PM
  Updating avemx... finished: 09:00:05 PM
  Updating avesx... finished: 09:00:05 PM
  Updating avewx... finished: 09:00:05 PM
Content-type: text/html

update-prices started: April 13 2011 10:00:02 PM
  Updating avedx... finished: 10:00:02 PM
  Updating avefx... finished: 10:00:02 PM
  Updating avegx... finished: 10:00:02 PM
  Updating avemx... finished: 10:00:02 PM
  Updating avemx... finished: 10:00:02 PM
  Updating avesx... finished: 10:00:02 PM
  Updating avewx... finished: 10:00:02 PM
Content-type: text/html

update-prices started: April 13 2011 11:00:05 PM
  Updating avedx... finished: 11:00:05 PM
  Updating avefx... finished: 11:00:05 PM
  Updating avegx... finished: 11:00:05 PM
  Updating avemx... finished: 11:00:05 PM
  Updating avemx... finished: 11:00:05 PM
  Updating avesx... finished: 11:00:06 PM
  Updating avewx... finished: 11:00:07 PM
Content-type: text/html

update-prices started: April 14 2011 12:00:09 AM
  Updating avedx... finished: 12:00:09 AM
  Updating avefx... finished: 12:00:09 AM
  Updating avegx... finished: 12:00:09 AM
  Updating avemx... finished: 12:00:09 AM
  Updating avemx... finished: 12:00:09 AM
  Updating avesx... finished: 12:00:09 AM
  Updating avewx... finished: 12:00:09 AM
Content-type: text/html

update-prices started: April 14 2011 01:00:02 AM
  Updating avedx... finished: 01:00:02 AM
  Updating avefx... finished: 01:00:02 AM
  Updating avegx... finished: 01:00:02 AM
  Updating avemx... finished: 01:00:02 AM
  Updating avemx... finished: 01:00:02 AM
  Updating avesx... finished: 01:00:02 AM
  Updating avewx... finished: 01:00:02 AM
Content-type: text/html

update-prices started: April 14 2011 02:00:04 AM
  Updating avedx... finished: 02:00:04 AM
  Updating avefx... finished: 02:00:04 AM
  Updating avegx... finished: 02:00:05 AM
  Updating avemx... finished: 02:00:05 AM
  Updating avemx... finished: 02:00:05 AM
  Updating avesx... finished: 02:00:05 AM
  Updating avewx... finished: 02:00:05 AM
Content-type: text/html

update-prices started: April 14 2011 03:00:04 AM
  Updating avedx... finished: 03:00:04 AM
  Updating avefx... finished: 03:00:04 AM
  Updating avegx... finished: 03:00:04 AM
  Updating avemx... finished: 03:00:04 AM
  Updating avemx... finished: 03:00:04 AM
  Updating avesx... finished: 03:00:04 AM
  Updating avewx... finished: 03:00:04 AM
Content-type: text/html

update-prices started: April 14 2011 04:00:03 AM
  Updating avedx... finished: 04:00:04 AM
  Updating avefx... finished: 04:00:04 AM
  Updating avegx... finished: 04:00:04 AM
  Updating avemx... finished: 04:00:04 AM
  Updating avemx... finished: 04:00:04 AM
  Updating avesx... finished: 04:00:04 AM
  Updating avewx... finished: 04:00:04 AM
Content-type: text/html

update-prices started: April 14 2011 05:00:03 AM
  Updating avedx... finished: 05:00:03 AM
  Updating avefx... finished: 05:00:03 AM
  Updating avegx... finished: 05:00:03 AM
  Updating avemx... finished: 05:00:03 AM
  Updating avemx... finished: 05:00:03 AM
  Updating avesx... finished: 05:00:03 AM
  Updating avewx... finished: 05:00:03 AM
Content-type: text/html

update-prices started: April 14 2011 06:00:05 AM
  Updating avedx... finished: 06:00:05 AM
  Updating avefx... finished: 06:00:05 AM
  Updating avegx... finished: 06:00:05 AM
  Updating avemx... finished: 06:00:06 AM
  Updating avemx... finished: 06:00:06 AM
  Updating avesx... finished: 06:00:07 AM
  Updating avewx... finished: 06:00:07 AM
Content-type: text/html

update-prices started: April 14 2011 07:00:03 AM
  Updating avedx... finished: 07:00:04 AM
  Updating avefx... finished: 07:00:04 AM
  Updating avegx... finished: 07:00:04 AM
  Updating avemx... finished: 07:00:04 AM
  Updating avemx... finished: 07:00:04 AM
  Updating avesx... finished: 07:00:04 AM
  Updating avewx... finished: 07:00:04 AM
Content-type: text/html

update-prices started: April 14 2011 08:00:03 AM
  Updating avedx... finished: 08:00:03 AM
  Updating avefx... finished: 08:00:03 AM
  Updating avegx... finished: 08:00:03 AM
  Updating avemx... finished: 08:00:03 AM
  Updating avemx... finished: 08:00:03 AM
  Updating avesx... finished: 08:00:03 AM
  Updating avewx... finished: 08:00:03 AM
Content-type: text/html

update-prices started: April 14 2011 09:00:02 AM
  Updating avedx... finished: 09:00:02 AM
  Updating avefx... finished: 09:00:02 AM
  Updating avegx... finished: 09:00:03 AM
  Updating avemx... finished: 09:00:03 AM
  Updating avemx... finished: 09:00:03 AM
  Updating avesx... finished: 09:00:03 AM
  Updating avewx... finished: 09:00:03 AM
Content-type: text/html

update-prices started: April 14 2011 10:00:04 AM
  Updating avedx... finished: 10:00:07 AM
  Updating avefx... finished: 10:00:07 AM
  Updating avegx... finished: 10:00:07 AM
  Updating avemx... finished: 10:00:07 AM
  Updating avemx... finished: 10:00:07 AM
  Updating avesx... finished: 10:00:07 AM
  Updating avewx... finished: 10:00:07 AM
Content-type: text/html

update-prices started: April 14 2011 11:00:04 AM
  Updating avedx... finished: 11:00:04 AM
  Updating avefx... finished: 11:00:04 AM
  Updating avegx... finished: 11:00:04 AM
  Updating avemx... finished: 11:00:04 AM
  Updating avemx... finished: 11:00:04 AM
  Updating avesx... finished: 11:00:04 AM
  Updating avewx... finished: 11:00:04 AM
Content-type: text/html

update-prices started: April 14 2011 12:00:05 PM
  Updating avedx... finished: 12:00:05 PM
  Updating avefx... finished: 12:00:05 PM
  Updating avegx... finished: 12:00:05 PM
  Updating avemx... finished: 12:00:07 PM
  Updating avemx... finished: 12:00:07 PM
  Updating avesx... finished: 12:00:08 PM
  Updating avewx... finished: 12:00:09 PM
Content-type: text/html

update-prices started: April 14 2011 01:00:02 PM
  Updating avedx... finished: 01:00:02 PM
  Updating avefx... finished: 01:00:02 PM
  Updating avegx... finished: 01:00:02 PM
  Updating avemx... finished: 01:00:02 PM
  Updating avemx... finished: 01:00:02 PM
  Updating avesx... finished: 01:00:02 PM
  Updating avewx... finished: 01:00:02 PM
Content-type: text/html

update-prices started: April 14 2011 02:00:04 PM
  Updating avedx... finished: 02:00:04 PM
  Updating avefx... finished: 02:00:05 PM
  Updating avegx... finished: 02:00:05 PM
  Updating avemx... finished: 02:00:05 PM
  Updating avemx... finished: 02:00:05 PM
  Updating avesx... finished: 02:00:05 PM
  Updating avewx... finished: 02:00:05 PM
Content-type: text/html

update-prices started: April 14 2011 03:00:03 PM
  Updating avedx... finished: 03:00:03 PM
  Updating avefx... finished: 03:00:03 PM
  Updating avegx... finished: 03:00:04 PM
  Updating avemx... finished: 03:00:04 PM
  Updating avemx... finished: 03:00:04 PM
  Updating avesx... finished: 03:00:04 PM
  Updating avewx... finished: 03:00:04 PM
Content-type: text/html

update-prices started: April 14 2011 04:00:03 PM
  Updating avedx... finished: 04:00:03 PM
  Updating avefx... finished: 04:00:03 PM
  Updating avegx... finished: 04:00:03 PM
  Updating avemx... finished: 04:00:03 PM
  Updating avemx... finished: 04:00:03 PM
  Updating avesx... finished: 04:00:03 PM
  Updating avewx... finished: 04:00:03 PM
Content-type: text/html

update-prices started: April 14 2011 05:00:01 PM
  Updating avedx... finished: 05:00:02 PM
  Updating avefx... finished: 05:00:02 PM
  Updating avegx... finished: 05:00:02 PM
  Updating avemx... finished: 05:00:02 PM
  Updating avemx... finished: 05:00:02 PM
  Updating avesx... finished: 05:00:02 PM
  Updating avewx... finished: 05:00:02 PM
Content-type: text/html

update-prices started: April 14 2011 06:00:05 PM
  Updating avedx... finished: 06:00:05 PM
  Updating avefx... finished: 06:00:05 PM
  Updating avegx... finished: 06:00:05 PM
  Updating avemx... finished: 06:00:05 PM
  Updating avemx... finished: 06:00:05 PM
  Updating avesx... finished: 06:00:05 PM
  Updating avewx... finished: 06:00:05 PM
Content-type: text/html

update-prices started: April 14 2011 07:00:06 PM
  Updating avedx... finished: 07:00:06 PM
  Updating avefx... finished: 07:00:06 PM
  Updating avegx... finished: 07:00:06 PM
  Updating avemx... finished: 07:00:06 PM
  Updating avemx... finished: 07:00:06 PM
  Updating avesx... finished: 07:00:06 PM
  Updating avewx... finished: 07:00:07 PM
Content-type: text/html

update-prices started: April 14 2011 08:00:02 PM
  Updating avedx... finished: 08:00:02 PM
  Updating avefx... finished: 08:00:02 PM
  Updating avegx... finished: 08:00:02 PM
  Updating avemx... finished: 08:00:02 PM
  Updating avemx... finished: 08:00:02 PM
  Updating avesx... finished: 08:00:02 PM
  Updating avewx... finished: 08:00:02 PM
Content-type: text/html

update-prices started: April 14 2011 09:00:05 PM
  Updating avedx... finished: 09:00:05 PM
  Updating avefx... finished: 09:00:06 PM
  Updating avegx... finished: 09:00:06 PM
  Updating avemx... finished: 09:00:06 PM
  Updating avemx... finished: 09:00:06 PM
  Updating avesx... finished: 09:00:06 PM
  Updating avewx... finished: 09:00:06 PM
Content-type: text/html

<br />
<b>Warning</b>:  mysql_connect() [<a href='function.mysql-connect'>function.mysql-connect</a>]: Too many connections in <b>/home/content/s/i/c/sici00/html/includes/mysql.obj.inc.php</b> on line <b>190</b><br />
<br />
<b>Catchable fatal error</b>:  Object of class mysql could not be converted to string in <b>/home/content/s/i/c/sici00/html/includes/mysql.obj.inc.php</b> on line <b>191</b><br />
Content-type: text/html

update-prices started: April 14 2011 11:00:02 PM
  Updating avedx... <br />
<b>Warning</b>:  fopen(http://finance.yahoo.com/d/quotes.csv?s=avedx&amp;f=l1c1p2d1) [<a href='function.fopen'>function.fopen</a>]: failed to open stream: HTTP request failed!  in <b>/home/content/s/i/c/sici00/html/includes/library.php</b> on line <b>290</b><br />
finished: 11:00:03 PM
  Updating avefx... finished: 11:00:03 PM
  Updating avegx... finished: 11:00:03 PM
  Updating avemx... finished: 11:00:03 PM
  Updating avemx... finished: 11:00:03 PM
  Updating avesx... finished: 11:00:03 PM
  Updating avewx... finished: 11:00:03 PM
Content-type: text/html

update-prices started: April 15 2011 12:00:06 AM
  Updating avedx... finished: 12:00:09 AM
  Updating avefx... finished: 12:00:09 AM
  Updating avegx... finished: 12:00:10 AM
  Updating avemx... finished: 12:00:14 AM
  Updating avemx... finished: 12:00:16 AM
  Updating avesx... finished: 12:00:17 AM
  Updating avewx... finished: 12:00:17 AM
Content-type: text/html

update-prices started: April 15 2011 01:00:05 AM
  Updating avedx... finished: 01:00:06 AM
  Updating avefx... finished: 01:00:06 AM
  Updating avegx... finished: 01:00:06 AM
  Updating avemx... finished: 01:00:07 AM
  Updating avemx... finished: 01:00:08 AM
  Updating avesx... finished: 01:00:09 AM
  Updating avewx... finished: 01:00:09 AM
Content-type: text/html

update-prices started: April 15 2011 02:00:03 AM
  Updating avedx... finished: 02:00:03 AM
  Updating avefx... finished: 02:00:03 AM
  Updating avegx... finished: 02:00:03 AM
  Updating avemx... finished: 02:00:03 AM
  Updating avemx... finished: 02:00:03 AM
  Updating avesx... finished: 02:00:03 AM
  Updating avewx... finished: 02:00:03 AM
Content-type: text/html

update-prices started: April 15 2011 03:00:02 AM
  Updating avedx... finished: 03:00:03 AM
  Updating avefx... finished: 03:00:03 AM
  Updating avegx... finished: 03:00:03 AM
  Updating avemx... finished: 03:00:03 AM
  Updating avemx... finished: 03:00:03 AM
  Updating avesx... finished: 03:00:03 AM
  Updating avewx... finished: 03:00:03 AM
Content-type: text/html

update-prices started: April 15 2011 04:00:03 AM
  Updating avedx... finished: 04:00:03 AM
  Updating avefx... finished: 04:00:04 AM
  Updating avegx... finished: 04:00:04 AM
  Updating avemx... finished: 04:00:04 AM
  Updating avemx... finished: 04:00:04 AM
  Updating avesx... finished: 04:00:04 AM
  Updating avewx... finished: 04:00:04 AM
Content-type: text/html

update-prices started: April 15 2011 05:00:05 AM
  Updating avedx... finished: 05:00:05 AM
  Updating avefx... finished: 05:00:05 AM
  Updating avegx... finished: 05:00:05 AM
  Updating avemx... finished: 05:00:05 AM
  Updating avemx... finished: 05:00:05 AM
  Updating avesx... finished: 05:00:05 AM
  Updating avewx... finished: 05:00:05 AM
Content-type: text/html

update-prices started: April 15 2011 06:00:06 AM
  Updating avedx... finished: 06:00:06 AM
  Updating avefx... finished: 06:00:06 AM
  Updating avegx... finished: 06:00:06 AM
  Updating avemx... finished: 06:00:06 AM
  Updating avemx... finished: 06:00:06 AM
  Updating avesx... finished: 06:00:06 AM
  Updating avewx... finished: 06:00:06 AM
Content-type: text/html

update-prices started: April 15 2011 07:00:04 AM
  Updating avedx... finished: 07:00:05 AM
  Updating avefx... finished: 07:00:05 AM
  Updating avegx... finished: 07:00:05 AM
  Updating avemx... finished: 07:00:05 AM
  Updating avemx... finished: 07:00:05 AM
  Updating avesx... finished: 07:00:05 AM
  Updating avewx... finished: 07:00:05 AM
Content-type: text/html

update-prices started: April 15 2011 08:00:04 AM
  Updating avedx... finished: 08:00:04 AM
  Updating avefx... finished: 08:00:04 AM
  Updating avegx... finished: 08:00:04 AM
  Updating avemx... finished: 08:00:04 AM
  Updating avemx... finished: 08:00:04 AM
  Updating avesx... finished: 08:00:06 AM
  Updating avewx... finished: 08:00:07 AM
Content-type: text/html

update-prices started: April 15 2011 09:00:10 AM
  Updating avedx... finished: 09:00:13 AM
  Updating avefx... finished: 09:00:17 AM
  Updating avegx... finished: 09:00:19 AM
  Updating avemx... finished: 09:00:21 AM
  Updating avemx... finished: 09:00:21 AM
  Updating avesx... finished: 09:00:26 AM
  Updating avewx... finished: 09:00:31 AM
Content-type: text/html

update-prices started: April 15 2011 10:00:31 AM
  Updating avedx... finished: 10:00:33 AM
  Updating avefx... finished: 10:01:17 AM
  Updating avegx... finished: 10:02:27 AM
  Updating avemx... finished: 10:03:23 AM
  Updating avemx... finished: 10:03:43 AM
  Updating avesx... finished: 10:03:52 AM
  Updating avewx... finished: 10:03:57 AM
Content-type: text/html

update-prices started: April 15 2011 11:00:04 AM
  Updating avedx... finished: 11:00:04 AM
  Updating avefx... finished: 11:00:04 AM
  Updating avegx... finished: 11:00:04 AM
  Updating avemx... finished: 11:00:04 AM
  Updating avemx... finished: 11:00:04 AM
  Updating avesx... finished: 11:00:04 AM
  Updating avewx... finished: 11:00:04 AM
Content-type: text/html

update-prices started: April 15 2011 12:00:02 PM
  Updating avedx... finished: 12:00:02 PM
  Updating avefx... finished: 12:00:02 PM
  Updating avegx... finished: 12:00:02 PM
  Updating avemx... finished: 12:00:02 PM
  Updating avemx... finished: 12:00:02 PM
  Updating avesx... finished: 12:00:02 PM
  Updating avewx... finished: 12:00:02 PM
Content-type: text/html

update-prices started: April 15 2011 01:00:03 PM
  Updating avedx... finished: 01:00:03 PM
  Updating avefx... finished: 01:00:03 PM
  Updating avegx... finished: 01:00:03 PM
  Updating avemx... finished: 01:00:03 PM
  Updating avemx... finished: 01:00:03 PM
  Updating avesx... finished: 01:00:03 PM
  Updating avewx... finished: 01:00:03 PM
Content-type: text/html

update-prices started: April 15 2011 02:00:04 PM
  Updating avedx... finished: 02:00:05 PM
  Updating avefx... finished: 02:00:06 PM
  Updating avegx... finished: 02:00:06 PM
  Updating avemx... finished: 02:00:07 PM
  Updating avemx... finished: 02:00:07 PM
  Updating avesx... finished: 02:00:07 PM
  Updating avewx... finished: 02:00:08 PM
Content-type: text/html

update-prices started: April 15 2011 03:00:07 PM
  Updating avedx... finished: 03:00:07 PM
  Updating avefx... finished: 03:00:07 PM
  Updating avegx... finished: 03:00:07 PM
  Updating avemx... finished: 03:00:07 PM
  Updating avemx... finished: 03:00:07 PM
  Updating avesx... finished: 03:00:07 PM
  Updating avewx... finished: 03:00:07 PM
Content-type: text/html

update-prices started: April 15 2011 04:00:04 PM
  Updating avedx... finished: 04:00:04 PM
  Updating avefx... finished: 04:00:04 PM
  Updating avegx... finished: 04:00:04 PM
  Updating avemx... finished: 04:00:04 PM
  Updating avemx... finished: 04:00:04 PM
  Updating avesx... finished: 04:00:04 PM
  Updating avewx... finished: 04:00:04 PM
Content-type: text/html

update-prices started: April 15 2011 05:00:04 PM
  Updating avedx... finished: 05:00:04 PM
  Updating avefx... finished: 05:00:04 PM
  Updating avegx... finished: 05:00:05 PM
  Updating avemx... finished: 05:00:05 PM
  Updating avemx... finished: 05:00:05 PM
  Updating avesx... finished: 05:00:05 PM
  Updating avewx... finished: 05:00:05 PM
Content-type: text/html

update-prices started: April 15 2011 06:00:04 PM
  Updating avedx... finished: 06:00:04 PM
  Updating avefx... finished: 06:00:04 PM
  Updating avegx... finished: 06:00:04 PM
  Updating avemx... finished: 06:00:04 PM
  Updating avemx... finished: 06:00:04 PM
  Updating avesx... finished: 06:00:04 PM
  Updating avewx... finished: 06:00:04 PM
